=========================================================================================================
Auto created by Tang Dynasty v5.6.56362
Copyright (c) 2012-2022 Anlogic
Tue Jul  1 09:45:55 2025
=========================================================================================================


Top Model:                audio_speak                                                     
Device:                   eagle_s20                                                       
Timing Constraint File:                                                                   
STA Level:                Detail                                                          
Speed Grade:              NA                                                              

=========================================================================================================
Timing summary:                                                                           
---------------------------------------------------------------------------------------------------------
Constraint path number: 0 (STA coverage = 0.00%)
Timing violations: 0 setup errors, and 0 hold errors.
Minimal setup slack: infinity, minimal hold slack: infinity

Timing group statistics: 
	Clock constraints: 
	  No constraint path
	Minimum input arrival time before clock: no constraint path
	Maximum output required time after clock: no constraint path
	Maximum combinational path delay: no constraint path


Warning: No clock constraint on 5 clock net(s): 
	aud_bclk_syn_4
	aud_mclk_dup_1
	sys_clk_dup_1
	u_es8388_ctrl/u_es8388_config/u_i2c_dri/dri_clk_syn_4
	u_pll_clk/clk0_out

---------------------------------------------------------------------------------------------------------
