============================================================
   Tang Dynasty, V5.6.71036
      Copyright (c) 2012-2023 Anlogic Inc.
   Executable = D:/TD5.2.6/bin/td.exe
   Built at =   20:34:38 Mar 21 2023
   Run by =     34365
   Run Date =   Tue Nov 25 21:52:43 2025

   Run on =     HONGQIYT
============================================================
RUN-1002 : start command "open_project ES8388.prj"
RUN-1001 : Print Global Property
RUN-1001 : ---------------------------------------------------------------
RUN-1001 :        Parameters        |  Settings  |  Default Values  |  Note  
RUN-1001 : ---------------------------------------------------------------
RUN-1001 :          message         |  standard  |     standard     |        
RUN-1001 :   mixed_pack_place_flow  |     on     |        on        |        
RUN-1001 :        qor_monitor       |    off     |       off        |        
RUN-1001 :        syn_ip_flow       |    off     |       off        |        
RUN-1001 :          thread          |    auto    |       auto       |        
RUN-1001 : ---------------------------------------------------------------
RUN-1001 : Print Design Property
RUN-1001 : --------------------------------------------------------------
RUN-1001 :        Parameters       |  Settings  |  Default Values  |  Note  
RUN-1001 : --------------------------------------------------------------
RUN-1001 :   default_reg_initial   |    auto    |       auto       |        
RUN-1001 :        infer_add        |     on     |        on        |        
RUN-1001 :        infer_fsm        |    off     |       off        |        
RUN-1001 :        infer_mult       |     on     |        on        |        
RUN-1001 :        infer_ram        |     on     |        on        |        
RUN-1001 :        infer_reg        |     on     |        on        |        
RUN-1001 :   infer_reg_init_value  |     on     |        on        |        
RUN-1001 :        infer_rom        |     on     |        on        |        
RUN-1001 :      infer_shifter      |     on     |        on        |        
RUN-1001 : --------------------------------------------------------------
RUN-1001 : Print Rtl Property
RUN-1001 : --------------------------------------------------------------
RUN-1001 :        Parameters       |  Settings  |  Default Values  |  Note  
RUN-1001 : --------------------------------------------------------------
RUN-1001 :       compress_add      |   ripple   |      ripple      |        
RUN-1001 :        elf_sload        |    off     |       off        |        
RUN-1001 :       fix_undriven      |     0      |        0         |        
RUN-1001 :         flatten         |    off     |       off        |        
RUN-1001 :       gate_sharing      |     on     |        on        |        
RUN-1001 :    hdl_warning_level    |   normal   |      normal      |        
RUN-1001 :   impl_internal_tribuf  |     on     |        on        |        
RUN-1001 :      impl_set_reset     |     on     |        on        |        
RUN-1001 :        infer_gsr        |    off     |       off        |        
RUN-1001 :      keep_hierarchy     |    auto    |       auto       |        
RUN-1001 :        max_fanout       |    9999    |       9999       |        
RUN-1001 :      max_oh2bin_len     |     10     |        10        |        
RUN-1001 :       merge_equal       |     on     |        on        |        
RUN-1001 :       merge_equiv       |     on     |        on        |        
RUN-1001 :        merge_mux        |    off     |       off        |        
RUN-1001 :     min_control_set     |     8      |        8         |        
RUN-1001 :      min_ripple_len     |    auto    |       auto       |        
RUN-1001 :       oh2bin_ratio      |    0.08    |       0.08       |        
RUN-1001 :     opt_adder_fanout    |     on     |        on        |        
RUN-1001 :        opt_arith        |     on     |        on        |        
RUN-1001 :       opt_big_gate      |    off     |       off        |        
RUN-1001 :        opt_const        |     on     |        on        |        
RUN-1001 :      opt_const_mult     |     on     |        on        |        
RUN-1001 :       opt_lessthan      |     on     |        on        |        
RUN-1001 :         opt_mux         |    off     |       off        |        
RUN-1001 :         opt_ram         |    high    |       high       |        
RUN-1001 :      rtl_sim_model      |    off     |       off        |        
RUN-1001 :         seq_syn         |     on     |        on        |        
RUN-1001 : --------------------------------------------------------------
HDL-1007 : analyze verilog file ../../al_ip/clk_wiz_0.v
HDL-1007 : undeclared symbol 'open', assumed default net type 'wire' in ../../al_ip/clk_wiz_0.v(80)
HDL-1007 : analyze verilog file ../../al_ip/voice_change_ram.v
HDL-1007 : analyze verilog file ../../al_ip/voice_change_fifo.v
HDL-1007 : analyze verilog file ../../al_ip/record_fifo.v
HDL-1007 : analyze verilog file ../../al_ip/play_fifo.v
HDL-1007 : analyze verilog file ../../../RTL/audio_receive.v
HDL-1007 : analyze verilog file ../../../RTL/audio_send.v
HDL-1007 : analyze verilog file ../../../RTL/audio_speak.v
HDL-1007 : undeclared symbol 'chipwatcherclk', assumed default net type 'wire' in ../../../RTL/audio_speak.v(81)
HDL-1007 : analyze verilog file ../../../RTL/es8388_config.v
HDL-1007 : analyze verilog file ../../../RTL/es8388_ctrl.v
HDL-1007 : analyze verilog file ../../../RTL/i2c_dri.v
HDL-1007 : analyze verilog file ../../../RTL/i2c_reg_cfg.v
HDL-1007 : analyze verilog file ../../../RTL/fir_filter.sv
HDL-1007 : analyze verilog file ../../../RTL/voice_change_stereo.v
HDL-1007 : analyze verilog file ../../../RTL/voice_change.v
HDL-1007 : analyze verilog file ../../../RTL/sound_localization.v
HDL-1007 : analyze verilog file ../../../RTL/sd_audio_ctrl.v
HDL-1007 : analyze verilog file ../../../RTL/sd_card_cmd.v
HDL-1007 : analyze verilog file ../../../RTL/sd_card_sec_read_write.v
HDL-1007 : analyze verilog file ../../../RTL/sd_card_top.v
HDL-1007 : analyze verilog file ../../../RTL/spi_master.v
RUN-1001 : Project manager successfully analyzed 21 source files.
RUN-1002 : start command "import_device eagle_s20.db -package EG4S20BG256"
ARC-1001 : Device Initialization.
ARC-1001 : ------------------------------------------------------------------
ARC-1001 :            OPTION            |          IO          |   SETTING   
ARC-1001 : ------------------------------------------------------------------
ARC-1001 :   cso_b/cclk/mosi/miso/dout  |  T3/R11/T10/P10/S11  |    gpio    
ARC-1001 :             done             |         P13          |    gpio    
ARC-1001 :           program_b          |          T2          |  dedicate  
ARC-1001 :        tdi/tms/tck/tdo       |   C12/A15/C14/E14    |  dedicate  
ARC-1001 : ------------------------------------------------------------------
ARC-1004 : Device setting, marked 5 dedicate IOs in total.
RUN-1002 : start command "import_db ../syn_1/ES8388_gate.db"
RUN-1001 : Importing database generated by Tang Dynasty, V5.6.71036.
RUN-1001 : Database version number 46146.
RUN-1001 : Import flow parameters
RUN-1001 : Import IO constraints
RUN-1001 : Import Inst constraints
RUN-1001 : Import design success TD_VERSION=5.6.71036 , DB_VERSION=46146
RUN-1003 : finish command "import_db ../syn_1/ES8388_gate.db" in  1.248947s wall, 1.218750s user + 0.031250s system = 1.250000s CPU (100.1%)

RUN-1004 : used memory is 261 MB, reserved memory is 237 MB, peak memory is 265 MB
RUN-1002 : start command "place"
RUN-1001 : Open license file D:/TD5.2.6/license/Anlogic.lic
RUN-1001 : Print Global Property
RUN-1001 : ---------------------------------------------------------------
RUN-1001 :        Parameters        |  Settings  |  Default Values  |  Note  
RUN-1001 : ---------------------------------------------------------------
RUN-1001 :          message         |  standard  |     standard     |        
RUN-1001 :   mixed_pack_place_flow  |     on     |        on        |        
RUN-1001 :        qor_monitor       |    off     |       off        |        
RUN-1001 :        syn_ip_flow       |    off     |       off        |        
RUN-1001 :          thread          |    auto    |       auto       |        
RUN-1001 : ---------------------------------------------------------------
RUN-1001 : Print Place Property
RUN-1001 : --------------------------------------------------------------
RUN-1001 :        Parameters       |  Settings  |  Default Values  |  Note  
RUN-1001 : --------------------------------------------------------------
RUN-1001 :      detailed_place     |     on     |        on        |        
RUN-1001 :          effort         |   medium   |      medium      |        
RUN-1001 :         fix_hold        |    off     |       off        |        
RUN-1001 :       legalization      |    ori     |       ori        |        
RUN-1001 :      new_spreading      |     on     |        on        |        
RUN-1001 :        opt_timing       |   medium   |      medium      |        
RUN-1001 :   post_clock_route_opt  |    off     |       off        |        
RUN-1001 :       pr_strategy       |     1      |        1         |        
RUN-1001 :        relaxation       |    1.00    |       1.00       |        
RUN-1001 :         retiming        |    off     |       off        |        
RUN-1001 : --------------------------------------------------------------
PHY-3001 : Placer runs in 16 thread(s).
RUN-1002 : start command "legalize_phy_inst"
SYN-1011 : Flatten model audio_speak
RUN-1002 : start command "phys_opt -simplify_lut"
SYN-4016 : Net u_pll_clk/clk0_out driven by BUFG (0 clock/control pins, 1 other pins).
SYN-4027 : Net aud_mclk_dup_1 is clkc1 of pll u_pll_clk/pll_inst.
SYN-4019 : Net sys_clk_dup_3 is refclk of pll u_pll_clk/pll_inst.
SYN-4020 : Net sys_clk_dup_3 is fbclk of pll u_pll_clk/pll_inst.
SYN-4024 : Net "aud_bclk_dup_1" drives clk pins.
SYN-4024 : Net "u_es8388_ctrl/u_es8388_config/u_i2c_dri/dri_clk" drives clk pins.
SYN-4025 : Tag rtl::Net aud_bclk_dup_1 as clock net
SYN-4025 : Tag rtl::Net aud_mclk_dup_1 as clock net
SYN-4025 : Tag rtl::Net sys_clk_dup_3 as clock net
SYN-4025 : Tag rtl::Net u_es8388_ctrl/u_es8388_config/u_i2c_dri/dri_clk as clock net
SYN-4025 : Tag rtl::Net u_pll_clk/clk0_out as clock net
SYN-4026 : Tagged 5 rtl::Net as clock net
SYN-4015 : Create BUFG instance for clk Net aud_bclk_dup_1 to drive 2367 clock pins.
SYN-4015 : Create BUFG instance for clk Net u_es8388_ctrl/u_es8388_config/u_i2c_dri/dri_clk to drive 58 clock pins.
PHY-1001 : Populate physical database on model audio_speak.
RUN-1001 : There are total 7390 instances
RUN-0007 : 2546 luts, 2821 seqs, 1232 mslices, 627 lslices, 28 pads, 30 brams, 29 dsps
RUN-1001 : There are total 12443 nets
RUN-1001 : 9672 nets have 2 pins
RUN-1001 : 2227 nets have [3 - 5] pins
RUN-1001 : 324 nets have [6 - 10] pins
RUN-1001 : 113 nets have [11 - 20] pins
RUN-1001 : 98 nets have [21 - 99] pins
RUN-1001 : 9 nets have 100+ pins
RUN-1001 : Report Control nets information:
RUN-1001 : DFF Distribution
RUN-1001 : ----------------------------------
RUN-1001 :   CE   |  SSR  |  ASR  |  DFF Count  
RUN-1001 : ----------------------------------
RUN-1001 :   No   |  No   |  No   |      0      
RUN-1001 :   No   |  No   |  Yes  |     431     
RUN-1001 :   No   |  Yes  |  No   |      0      
RUN-1001 :   Yes  |  No   |  No   |     152     
RUN-1001 :   Yes  |  No   |  Yes  |    2238     
RUN-1001 :   Yes  |  Yes  |  No   |      0      
RUN-1001 : ----------------------------------
RUN-0007 : Control Group Statistic
RUN-0007 : ---------------------------
RUN-0007 :   #CLK  |  #CE  |  #SSR/ASR  
RUN-0007 : ---------------------------
RUN-0007 :    3    |  21   |     2      
RUN-0007 : ---------------------------
RUN-0007 : Control Set = 23
PHY-3001 : Initial placement ...
PHY-3001 : design contains 7318 instances, 2546 luts, 2821 seqs, 1859 slices, 223 macros(1859 instances: 1232 mslices 627 lslices)
PHY-3001 : Huge net u_es8388_ctrl/rst_n with 2946 pins
PHY-0007 : Cell area utilization is 31%
PHY-3001 : Global placement ...
PHY-3001 : Initial: Len = 3.19519e+06
PHY-3001 : Clustering ...
PHY-3001 : Level 0 #clusters 7318.
PHY-3001 : End clustering;  0.000017s wall, 0.000000s user + 0.000000s system = 0.000000s CPU (n/a%)

PHY-3001 : Run with size of 4
PHY-3001 : Cell area utilization is 31%
PHY-3001 : :::0::: Try harder cell spreading with beta_ = 0
PHY-3002 : Step(1): len = 2.24941e+06, overlap = 130.25
PHY-3002 : Step(2): len = 1.93489e+06, overlap = 180.562
PHY-3002 : Step(3): len = 1.30885e+06, overlap = 209.562
PHY-3002 : Step(4): len = 1.1534e+06, overlap = 230.031
PHY-3002 : Step(5): len = 1.00436e+06, overlap = 283.469
PHY-3002 : Step(6): len = 907211, overlap = 352.344
PHY-3002 : Step(7): len = 739623, overlap = 391.719
PHY-3002 : Step(8): len = 692436, overlap = 414.719
PHY-3002 : Step(9): len = 633978, overlap = 461.906
PHY-3002 : Step(10): len = 577437, overlap = 494.812
PHY-3002 : Step(11): len = 517210, overlap = 497.781
PHY-3002 : Step(12): len = 466562, overlap = 512.094
PHY-3002 : Step(13): len = 429426, overlap = 554.438
PHY-3002 : Step(14): len = 376053, overlap = 590.562
PHY-3002 : Step(15): len = 338172, overlap = 627.25
PHY-3002 : Step(16): len = 315777, overlap = 650.156
PHY-3002 : Step(17): len = 298151, overlap = 682.719
PHY-3002 : Step(18): len = 274827, overlap = 709.688
PHY-3002 : Step(19): len = 257955, overlap = 740.938
PHY-3002 : Step(20): len = 243659, overlap = 752.844
PHY-3002 : Step(21): len = 229672, overlap = 770.344
PHY-3002 : Step(22): len = 221080, overlap = 775.219
PHY-3002 : Step(23): len = 212442, overlap = 786.375
PHY-3001 : :::1::: Try harder cell spreading with beta_ = 2.6005e-06
PHY-3002 : Step(24): len = 219410, overlap = 754.25
PHY-3002 : Step(25): len = 228536, overlap = 747.25
PHY-3002 : Step(26): len = 249102, overlap = 678.094
PHY-3002 : Step(27): len = 263544, overlap = 624.281
PHY-3002 : Step(28): len = 281936, overlap = 537.031
PHY-3002 : Step(29): len = 278252, overlap = 479.969
PHY-3002 : Step(30): len = 276839, overlap = 468.219
PHY-3002 : Step(31): len = 268482, overlap = 448.688
PHY-3002 : Step(32): len = 266980, overlap = 447.719
PHY-3002 : Step(33): len = 266115, overlap = 446.156
PHY-3002 : Step(34): len = 262500, overlap = 439.688
PHY-3002 : Step(35): len = 256627, overlap = 436.438
PHY-3002 : Step(36): len = 254516, overlap = 436.5
PHY-3002 : Step(37): len = 253954, overlap = 438.156
PHY-3002 : Step(38): len = 254656, overlap = 441.531
PHY-3002 : Step(39): len = 250342, overlap = 435.75
PHY-3002 : Step(40): len = 250191, overlap = 455.969
PHY-3002 : Step(41): len = 250370, overlap = 449.438
PHY-3002 : Step(42): len = 248599, overlap = 433.75
PHY-3002 : Step(43): len = 246498, overlap = 422.406
PHY-3002 : Step(44): len = 245712, overlap = 415.812
PHY-3002 : Step(45): len = 246239, overlap = 414.469
PHY-3002 : Step(46): len = 244215, overlap = 423.25
PHY-3002 : Step(47): len = 243353, overlap = 407.969
PHY-3002 : Step(48): len = 241901, overlap = 402.844
PHY-3002 : Step(49): len = 241025, overlap = 399.219
PHY-3002 : Step(50): len = 239145, overlap = 392.312
PHY-3002 : Step(51): len = 236643, overlap = 384.25
PHY-3002 : Step(52): len = 235234, overlap = 387.438
PHY-3002 : Step(53): len = 233868, overlap = 382.062
PHY-3002 : Step(54): len = 234282, overlap = 368.219
PHY-3002 : Step(55): len = 232221, overlap = 352
PHY-3002 : Step(56): len = 230473, overlap = 351.844
PHY-3002 : Step(57): len = 229944, overlap = 349.094
PHY-3002 : Step(58): len = 228345, overlap = 351.531
PHY-3002 : Step(59): len = 227809, overlap = 341.125
PHY-3002 : Step(60): len = 226716, overlap = 330.156
PHY-3001 : :::2::: Try harder cell spreading with beta_ = 5.20099e-06
PHY-3002 : Step(61): len = 230514, overlap = 329.656
PHY-3002 : Step(62): len = 231599, overlap = 329.406
PHY-3002 : Step(63): len = 233684, overlap = 322.781
PHY-3001 : :::3::: Try harder cell spreading with beta_ = 1.0402e-05
PHY-3002 : Step(64): len = 247809, overlap = 310.469
PHY-3002 : Step(65): len = 251070, overlap = 303.625
PHY-3002 : Step(66): len = 250485, overlap = 297.312
PHY-3002 : Step(67): len = 253818, overlap = 290.75
PHY-3002 : Step(68): len = 266554, overlap = 264.438
PHY-3002 : Step(69): len = 282924, overlap = 233.594
PHY-3002 : Step(70): len = 284799, overlap = 236.938
PHY-3002 : Step(71): len = 286383, overlap = 243.375
PHY-3002 : Step(72): len = 288334, overlap = 240
PHY-3002 : Step(73): len = 288390, overlap = 239.094
PHY-3002 : Step(74): len = 289159, overlap = 235.562
PHY-3002 : Step(75): len = 287434, overlap = 239.844
PHY-3002 : Step(76): len = 287212, overlap = 241.562
PHY-3002 : Step(77): len = 287143, overlap = 238.938
PHY-3002 : Step(78): len = 287864, overlap = 234.125
PHY-3002 : Step(79): len = 287614, overlap = 242.031
PHY-3002 : Step(80): len = 286022, overlap = 230.5
PHY-3002 : Step(81): len = 285959, overlap = 232.812
PHY-3002 : Step(82): len = 286370, overlap = 227.25
PHY-3002 : Step(83): len = 286488, overlap = 226.062
PHY-3002 : Step(84): len = 286680, overlap = 223.438
PHY-3002 : Step(85): len = 285667, overlap = 221.156
PHY-3002 : Step(86): len = 285751, overlap = 219.25
PHY-3002 : Step(87): len = 286527, overlap = 213.812
PHY-3002 : Step(88): len = 286925, overlap = 217.469
PHY-3002 : Step(89): len = 286166, overlap = 216.094
PHY-3001 : :::4::: Try harder cell spreading with beta_ = 2.0804e-05
PHY-3002 : Step(90): len = 289677, overlap = 210.719
PHY-3002 : Step(91): len = 290694, overlap = 210.156
PHY-3002 : Step(92): len = 293994, overlap = 209.344
PHY-3001 : :::5::: Try harder cell spreading with beta_ = 3.36608e-05
PHY-3002 : Step(93): len = 297107, overlap = 214.125
PHY-3002 : Step(94): len = 297826, overlap = 213.656
PHY-3002 : Step(95): len = 303488, overlap = 213.188
PHY-3002 : Step(96): len = 307926, overlap = 209.25
PHY-3002 : Step(97): len = 314280, overlap = 196.125
PHY-3002 : Step(98): len = 322298, overlap = 192.25
PHY-3002 : Step(99): len = 328046, overlap = 183.656
PHY-3002 : Step(100): len = 331470, overlap = 170.469
PHY-3002 : Step(101): len = 334528, overlap = 165
PHY-3002 : Step(102): len = 337524, overlap = 168.469
PHY-3002 : Step(103): len = 341099, overlap = 164.562
PHY-3002 : Step(104): len = 343384, overlap = 162.281
PHY-3002 : Step(105): len = 346062, overlap = 163.438
PHY-3002 : Step(106): len = 345702, overlap = 171.406
PHY-3002 : Step(107): len = 345173, overlap = 176.125
PHY-3002 : Step(108): len = 345037, overlap = 177.375
PHY-3002 : Step(109): len = 345151, overlap = 173.781
PHY-3002 : Step(110): len = 344756, overlap = 173.188
PHY-3002 : Step(111): len = 343181, overlap = 172.219
PHY-3002 : Step(112): len = 342179, overlap = 173.562
PHY-3002 : Step(113): len = 341573, overlap = 172.5
PHY-3001 : :::6::: Try harder cell spreading with beta_ = 6.52591e-05
PHY-3002 : Step(114): len = 345879, overlap = 172.156
PHY-3002 : Step(115): len = 348286, overlap = 169.344
PHY-3002 : Step(116): len = 353719, overlap = 166.344
PHY-3002 : Step(117): len = 357572, overlap = 168.094
PHY-3002 : Step(118): len = 359488, overlap = 162.625
PHY-3002 : Step(119): len = 360702, overlap = 154.531
PHY-3002 : Step(120): len = 361493, overlap = 153.469
PHY-3002 : Step(121): len = 362582, overlap = 153.656
PHY-3002 : Step(122): len = 364079, overlap = 150.281
PHY-3002 : Step(123): len = 365602, overlap = 151.812
PHY-3002 : Step(124): len = 367336, overlap = 148.312
PHY-3002 : Step(125): len = 368443, overlap = 142.781
PHY-3002 : Step(126): len = 369619, overlap = 141.938
PHY-3002 : Step(127): len = 370352, overlap = 143.031
PHY-3002 : Step(128): len = 371884, overlap = 139.688
PHY-3002 : Step(129): len = 372783, overlap = 135.406
PHY-3002 : Step(130): len = 373167, overlap = 133.438
PHY-3002 : Step(131): len = 373808, overlap = 131.062
PHY-3002 : Step(132): len = 373864, overlap = 124.188
PHY-3002 : Step(133): len = 374516, overlap = 122.688
PHY-3002 : Step(134): len = 375201, overlap = 120.594
PHY-3002 : Step(135): len = 375539, overlap = 119.781
PHY-3002 : Step(136): len = 376365, overlap = 117.5
PHY-3001 : :::7::: Try harder cell spreading with beta_ = 0.000123135
PHY-3002 : Step(137): len = 379240, overlap = 110.156
PHY-3002 : Step(138): len = 379792, overlap = 109.156
PHY-3002 : Step(139): len = 381238, overlap = 106.531
PHY-3002 : Step(140): len = 381494, overlap = 106.094
PHY-3002 : Step(141): len = 382696, overlap = 107.906
PHY-3001 : Legalization ...
PHY-3001 : End legalization;  0.024851s wall, 0.015625s user + 0.000000s system = 0.015625s CPU (62.9%)

PHY-3001 : Run with size of 4
PHY-3001 : Cell area utilization is 38%
PHY-3001 : Analyzing congestion ...
RUN-1001 : Generating global routing grids ...
RUN-1001 : Building simple global routing graph ...
PHY-1001 : Generate routing nets ...
PHY-1001 : Reuse net number 0/12443.
PHY-1001 : Global iterations in 16 thread ...
PHY-1002 : len = 589880, over cnt = 1791(5%), over = 10282, worst = 50
PHY-1001 : End global iterations;  0.591020s wall, 0.656250s user + 0.234375s system = 0.890625s CPU (150.7%)

PHY-1001 : Congestion index: top1 = 110.39, top5 = 77.15, top10 = 63.46, top15 = 55.16.
PHY-3001 : End congestion estimation;  0.742200s wall, 0.796875s user + 0.234375s system = 1.031250s CPU (138.9%)

PHY-3001 : Update density targets...
PHY-3001 : Update congestion history...
PHY-3001 : :::0::: Try harder cell spreading with beta_ = 6.75174e-06
PHY-3002 : Step(142): len = 520836, overlap = 112.969
PHY-3002 : Step(143): len = 509336, overlap = 150.5
PHY-3002 : Step(144): len = 494089, overlap = 137.125
PHY-3002 : Step(145): len = 476386, overlap = 132.438
PHY-3002 : Step(146): len = 460315, overlap = 158.562
PHY-3002 : Step(147): len = 444387, overlap = 178.75
PHY-3002 : Step(148): len = 435258, overlap = 186.438
PHY-3002 : Step(149): len = 426330, overlap = 188.094
PHY-3002 : Step(150): len = 423441, overlap = 163.156
PHY-3002 : Step(151): len = 421124, overlap = 157.219
PHY-3002 : Step(152): len = 420862, overlap = 187.688
PHY-3002 : Step(153): len = 421762, overlap = 188.969
PHY-3002 : Step(154): len = 418785, overlap = 180.156
PHY-3002 : Step(155): len = 415244, overlap = 180.75
PHY-3002 : Step(156): len = 411559, overlap = 172.469
PHY-3002 : Step(157): len = 411334, overlap = 167.094
PHY-3002 : Step(158): len = 411250, overlap = 163.5
PHY-3001 : :::1::: Try harder cell spreading with beta_ = 1.35035e-05
PHY-3002 : Step(159): len = 420410, overlap = 161.406
PHY-3002 : Step(160): len = 428575, overlap = 152.594
PHY-3002 : Step(161): len = 433561, overlap = 151.125
PHY-3002 : Step(162): len = 434229, overlap = 139.844
PHY-3002 : Step(163): len = 431307, overlap = 136.906
PHY-3002 : Step(164): len = 430511, overlap = 132.688
PHY-3002 : Step(165): len = 429906, overlap = 133.062
PHY-3001 : :::2::: Try harder cell spreading with beta_ = 2.70069e-05
PHY-3002 : Step(166): len = 448839, overlap = 98.7188
PHY-3002 : Step(167): len = 453761, overlap = 93.375
PHY-3002 : Step(168): len = 463775, overlap = 84.25
PHY-3002 : Step(169): len = 468797, overlap = 79.4062
PHY-3002 : Step(170): len = 469305, overlap = 83.2812
PHY-3002 : Step(171): len = 469903, overlap = 85.5938
PHY-3002 : Step(172): len = 467518, overlap = 82.5
PHY-3002 : Step(173): len = 467543, overlap = 82.0625
PHY-3002 : Step(174): len = 466949, overlap = 75.25
PHY-3001 : :::3::: Try harder cell spreading with beta_ = 5.40139e-05
PHY-3002 : Step(175): len = 479075, overlap = 71.9062
PHY-3002 : Step(176): len = 481713, overlap = 72.2188
PHY-3002 : Step(177): len = 487440, overlap = 59.2188
PHY-3002 : Step(178): len = 489503, overlap = 59.2812
PHY-3002 : Step(179): len = 493183, overlap = 57.8125
PHY-3002 : Step(180): len = 496852, overlap = 52.4062
PHY-3002 : Step(181): len = 499683, overlap = 44.5625
PHY-3002 : Step(182): len = 500723, overlap = 46.2812
PHY-3002 : Step(183): len = 500509, overlap = 45.9688
PHY-3002 : Step(184): len = 498788, overlap = 47.9062
PHY-3001 : :::4::: Try harder cell spreading with beta_ = 0.000108028
PHY-3002 : Step(185): len = 508853, overlap = 40.9062
PHY-3002 : Step(186): len = 514288, overlap = 37.1562
PHY-3002 : Step(187): len = 518336, overlap = 32.0312
PHY-3002 : Step(188): len = 520531, overlap = 30.5312
PHY-3002 : Step(189): len = 523164, overlap = 28.6875
PHY-3001 : :::5::: Try harder cell spreading with beta_ = 0.000216056
PHY-3002 : Step(190): len = 531354, overlap = 23.125
PHY-3002 : Step(191): len = 537596, overlap = 19.3438
PHY-3002 : Step(192): len = 544300, overlap = 15.2188
PHY-3002 : Step(193): len = 551974, overlap = 12.4375
PHY-3002 : Step(194): len = 556491, overlap = 10.4375
PHY-3002 : Step(195): len = 557001, overlap = 9.4375
PHY-3002 : Step(196): len = 556160, overlap = 10.625
PHY-3002 : Step(197): len = 557027, overlap = 11.0312
PHY-3002 : Step(198): len = 557894, overlap = 11
PHY-3002 : Step(199): len = 556655, overlap = 6.875
PHY-3002 : Step(200): len = 555462, overlap = 7.375
PHY-3002 : Step(201): len = 553703, overlap = 10.3125
PHY-3002 : Step(202): len = 552861, overlap = 11.4375
PHY-3002 : Step(203): len = 551877, overlap = 13.4375
PHY-3002 : Step(204): len = 551709, overlap = 13.8125
PHY-3002 : Step(205): len = 551293, overlap = 13.5625
PHY-3001 : :::6::: Try harder cell spreading with beta_ = 0.000432111
PHY-3002 : Step(206): len = 557133, overlap = 15.9688
PHY-3002 : Step(207): len = 563779, overlap = 14.5312
PHY-3002 : Step(208): len = 567186, overlap = 14.6562
PHY-3002 : Step(209): len = 569768, overlap = 12.4375
PHY-3002 : Step(210): len = 571507, overlap = 9.9375
PHY-3001 : :::7::: Try harder cell spreading with beta_ = 0.000864222
PHY-3002 : Step(211): len = 575312, overlap = 10.6875
PHY-3002 : Step(212): len = 578900, overlap = 9.75
PHY-3002 : Step(213): len = 582674, overlap = 7.125
PHY-3002 : Step(214): len = 586122, overlap = 5.875
PHY-3002 : Step(215): len = 588162, overlap = 5.5625
PHY-3002 : Step(216): len = 588492, overlap = 4.9375
PHY-3002 : Step(217): len = 587846, overlap = 6.5
PHY-3002 : Step(218): len = 587643, overlap = 6.3125
PHY-3002 : Step(219): len = 587499, overlap = 5.25
PHY-3001 : Run with size of 2
PHY-3001 : Cell area utilization is 38%
PHY-3001 : Analyzing congestion ...
RUN-1001 : Generating global routing grids ...
PHY-1001 : Generate routing nets ...
PHY-1001 : Reuse net number 59/12443.
PHY-1001 : Global iterations in 16 thread ...
PHY-1002 : len = 639352, over cnt = 1819(5%), over = 7184, worst = 23
PHY-1001 : End global iterations;  0.789077s wall, 0.875000s user + 0.343750s system = 1.218750s CPU (154.5%)

PHY-1001 : Congestion index: top1 = 79.40, top5 = 62.08, top10 = 52.10, top15 = 46.09.
PHY-3001 : End congestion estimation;  0.972333s wall, 1.031250s user + 0.359375s system = 1.390625s CPU (143.0%)

PHY-3001 : Update density targets...
PHY-3001 : Update congestion history...
PHY-3001 : :::0::: Try harder cell spreading with beta_ = 0.000112088
PHY-3002 : Step(220): len = 588137, overlap = 40.6875
PHY-3002 : Step(221): len = 585591, overlap = 35.2812
PHY-3002 : Step(222): len = 575606, overlap = 33.0625
PHY-3002 : Step(223): len = 564406, overlap = 42.3438
PHY-3002 : Step(224): len = 555546, overlap = 39.6562
PHY-3002 : Step(225): len = 548654, overlap = 39.3438
PHY-3002 : Step(226): len = 543185, overlap = 43.75
PHY-3002 : Step(227): len = 539396, overlap = 42.4688
PHY-3002 : Step(228): len = 537376, overlap = 40.6875
PHY-3002 : Step(229): len = 534977, overlap = 40.9062
PHY-3002 : Step(230): len = 531194, overlap = 48
PHY-3002 : Step(231): len = 528347, overlap = 46.8125
PHY-3002 : Step(232): len = 526298, overlap = 43.5938
PHY-3002 : Step(233): len = 525768, overlap = 49.6562
PHY-3002 : Step(234): len = 525616, overlap = 47.8125
PHY-3001 : :::1::: Try harder cell spreading with beta_ = 0.000224177
PHY-3002 : Step(235): len = 534115, overlap = 48.6562
PHY-3002 : Step(236): len = 542722, overlap = 38.6875
PHY-3002 : Step(237): len = 547925, overlap = 39.75
PHY-3002 : Step(238): len = 548873, overlap = 40.1875
PHY-3002 : Step(239): len = 549422, overlap = 39.0312
PHY-3002 : Step(240): len = 550380, overlap = 39.875
PHY-3001 : :::2::: Try harder cell spreading with beta_ = 0.000444487
PHY-3002 : Step(241): len = 557293, overlap = 35.5312
PHY-3002 : Step(242): len = 565650, overlap = 32.1875
PHY-3002 : Step(243): len = 569198, overlap = 30.25
PHY-3002 : Step(244): len = 572100, overlap = 24.9375
PHY-3002 : Step(245): len = 574832, overlap = 26.8125
PHY-3002 : Step(246): len = 577489, overlap = 25.8438
PHY-3002 : Step(247): len = 578534, overlap = 28.8125
PHY-3002 : Step(248): len = 579063, overlap = 26.375
PHY-3002 : Step(249): len = 579122, overlap = 27.2812
PHY-3001 : :::3::: Try harder cell spreading with beta_ = 0.000888973
PHY-3002 : Step(250): len = 584001, overlap = 26.625
PHY-3002 : Step(251): len = 589792, overlap = 26.4688
PHY-3002 : Step(252): len = 593727, overlap = 25.5
PHY-3002 : Step(253): len = 595018, overlap = 25.3125
PHY-3002 : Step(254): len = 596512, overlap = 23.6875
PHY-3002 : Step(255): len = 598190, overlap = 19.2812
PHY-3002 : Step(256): len = 598892, overlap = 19.0625
PHY-3002 : Step(257): len = 599170, overlap = 20.9688
PHY-3001 : :::4::: Try harder cell spreading with beta_ = 0.00157548
PHY-3002 : Step(258): len = 601559, overlap = 21.4062
PHY-3002 : Step(259): len = 605740, overlap = 19.875
PHY-3002 : Step(260): len = 607683, overlap = 20.5938
PHY-3002 : Step(261): len = 611525, overlap = 19.5938
PHY-3002 : Step(262): len = 613548, overlap = 19.0625
PHY-3002 : Step(263): len = 613778, overlap = 19.3438
PHY-3002 : Step(264): len = 613152, overlap = 18.9688
PHY-3001 : :::5::: Try harder cell spreading with beta_ = 0.00258434
PHY-3002 : Step(265): len = 614956, overlap = 18.9688
PHY-3002 : Step(266): len = 617920, overlap = 18.875
OPT-1001 : Start physical optimization ...
OPT-1001 : Total overflow 228.94 peak overflow 1.91
OPT-1001 : Start high-fanout net optimization ...
OPT-1001 : Update timing in global mode
PHY-1001 : Start incremental global routing, caller is place ...
RUN-1001 : Generating global routing grids ...
PHY-1001 : Generate routing nets ...
PHY-1001 : Reuse net number 259/12443.
PHY-1001 : Global iterations in 16 thread ...
PHY-1002 : len = 679616, over cnt = 1820(5%), over = 6116, worst = 22
PHY-1001 : End global iterations;  0.839777s wall, 0.843750s user + 0.375000s system = 1.218750s CPU (145.1%)

PHY-1001 : Congestion index: top1 = 82.22, top5 = 60.54, top10 = 52.10, top15 = 46.44.
PHY-1001 : End incremental global routing;  1.042650s wall, 1.015625s user + 0.406250s system = 1.421875s CPU (136.4%)

RUN-1002 : start command "start_timer -report"
TMR-5001 WARNING: No sdc constraints found while initiating timer.
TMR-2505 : Start building timing graph for model audio_speak.
TMR-2506 : Build timing graph completely. Port num: 20, tpin num: 42452, tnet num: 12371, tinst num: 7318, tnode num: 54500, tedge num: 89513.
TMR-2508 : Levelizing timing graph completed, there are 77 levels in total.
TMR-2501 : Timing graph initialized successfully.
OPT-1001 : End timing update;  0.634448s wall, 0.625000s user + 0.015625s system = 0.640625s CPU (101.0%)

OPT-1001 : 0 high-fanout net processed.
OPT-1001 : End high-fanout net optimization;  1.829585s wall, 1.781250s user + 0.421875s system = 2.203125s CPU (120.4%)

OPT-1001 : Current memory(MB): used = 433, reserve = 413, peak = 433.
OPT-1001 : End physical optimization;  1.941345s wall, 1.890625s user + 0.421875s system = 2.312500s CPU (119.1%)

PHY-3001 : Start packing ...
SYN-4007 : Packing 0 MUX to BLE ...
SYN-4008 : Packed 0 MUX and 0 SEQ to BLE.
SYN-4007 : Packing 2546 LUT to BLE ...
SYN-4008 : Packed 2546 LUT and 603 SEQ to BLE.
SYN-4003 : Packing 2218 remaining SEQ's ...
SYN-4005 : Packed 991 SEQ with LUT/SLICE
SYN-4006 : 1116 single LUT's are left
SYN-4006 : 1227 single SEQ's are left
SYN-4011 : Packing model "audio_speak" (AL_USER_NORMAL) with 3773/5796 primitive instances ...
PHY-3001 : End packing;  0.341679s wall, 0.343750s user + 0.000000s system = 0.343750s CPU (100.6%)

PHY-1001 : Populate physical database on model audio_speak.
RUN-1001 : There are total 4137 instances
RUN-1001 : 1986 mslices, 1987 lslices, 28 pads, 30 brams, 29 dsps
RUN-1001 : There are total 11917 nets
RUN-1001 : 9163 nets have 2 pins
RUN-1001 : 2193 nets have [3 - 5] pins
RUN-1001 : 335 nets have [6 - 10] pins
RUN-1001 : 123 nets have [11 - 20] pins
RUN-1001 : 94 nets have [21 - 99] pins
RUN-1001 : 9 nets have 100+ pins
PHY-3001 : design contains 4065 instances, 3973 slices, 223 macros(1859 instances: 1232 mslices 627 lslices)
PHY-3001 : Huge net u_es8388_ctrl/rst_n with 1842 pins
PHY-3001 : Cell area utilization is 47%
PHY-3001 : After packing: Len = 624186, Over = 83.75
PHY-3001 : Run with size of 2
PHY-3001 : Cell area utilization is 47%
PHY-3001 : Analyzing congestion ...
RUN-1001 : Generating global routing grids ...
PHY-1001 : Generate routing nets ...
PHY-1001 : Reuse net number 8452/11917.
PHY-1001 : Global iterations in 16 thread ...
PHY-1002 : len = 689744, over cnt = 1558(4%), over = 4486, worst = 16
PHY-1002 : len = 701392, over cnt = 1094(3%), over = 2566, worst = 16
PHY-1002 : len = 713752, over cnt = 517(1%), over = 1208, worst = 16
PHY-1002 : len = 719808, over cnt = 83(0%), over = 175, worst = 11
PHY-1002 : len = 721584, over cnt = 0(0%), over = 0, worst = 0
PHY-1001 : End global iterations;  1.201900s wall, 1.140625s user + 0.375000s system = 1.515625s CPU (126.1%)

PHY-1001 : Congestion index: top1 = 64.78, top5 = 51.05, top10 = 45.55, top15 = 42.04.
PHY-3001 : End congestion estimation;  1.431549s wall, 1.375000s user + 0.375000s system = 1.750000s CPU (122.2%)

PHY-3001 : Update density targets...
PHY-3001 : Update congestion history...
PHY-3001 : :::0::: Try harder cell spreading with beta_ = 3.83684e-05
PHY-3002 : Step(267): len = 571048, overlap = 101.25
PHY-3002 : Step(268): len = 545675, overlap = 118.5
PHY-3002 : Step(269): len = 539494, overlap = 132
PHY-3002 : Step(270): len = 531762, overlap = 125.25
PHY-3002 : Step(271): len = 530462, overlap = 115.5
PHY-3002 : Step(272): len = 526713, overlap = 112.25
PHY-3002 : Step(273): len = 523803, overlap = 113.5
PHY-3002 : Step(274): len = 518666, overlap = 123.25
PHY-3002 : Step(275): len = 517394, overlap = 122.25
PHY-3002 : Step(276): len = 515749, overlap = 124.75
PHY-3001 : :::1::: Try harder cell spreading with beta_ = 7.67367e-05
PHY-3002 : Step(277): len = 534142, overlap = 104.25
PHY-3002 : Step(278): len = 542036, overlap = 99.25
PHY-3002 : Step(279): len = 544747, overlap = 95
PHY-3002 : Step(280): len = 545858, overlap = 94.75
PHY-3002 : Step(281): len = 547063, overlap = 90.75
PHY-3002 : Step(282): len = 548975, overlap = 87.5
PHY-3001 : :::2::: Try harder cell spreading with beta_ = 0.000153473
PHY-3002 : Step(283): len = 564636, overlap = 78.25
PHY-3002 : Step(284): len = 573400, overlap = 70.25
PHY-3002 : Step(285): len = 581000, overlap = 61.75
PHY-3002 : Step(286): len = 584506, overlap = 55.75
PHY-3002 : Step(287): len = 585870, overlap = 54
PHY-3002 : Step(288): len = 586557, overlap = 57.75
PHY-3002 : Step(289): len = 586740, overlap = 59.25
PHY-3002 : Step(290): len = 585398, overlap = 58.75
PHY-3002 : Step(291): len = 585023, overlap = 59.75
PHY-3002 : Step(292): len = 585063, overlap = 59
PHY-3001 : :::3::: Try harder cell spreading with beta_ = 0.000281326
PHY-3002 : Step(293): len = 593559, overlap = 50.25
PHY-3002 : Step(294): len = 601740, overlap = 45.25
PHY-3002 : Step(295): len = 608057, overlap = 43
PHY-3002 : Step(296): len = 608710, overlap = 41
PHY-3002 : Step(297): len = 609095, overlap = 39.75
PHY-3002 : Step(298): len = 610440, overlap = 39
PHY-3001 : :::4::: Try harder cell spreading with beta_ = 0.000509056
PHY-3002 : Step(299): len = 617852, overlap = 39.75
PHY-3002 : Step(300): len = 624074, overlap = 37.5
PHY-3002 : Step(301): len = 627792, overlap = 36.75
PHY-3002 : Step(302): len = 626693, overlap = 35
PHY-3002 : Step(303): len = 625917, overlap = 33.75
PHY-3002 : Step(304): len = 626520, overlap = 31.75
PHY-3001 : Legalization ...
PHY-3001 : End legalization;  1.392661s wall, 1.734375s user + 2.375000s system = 4.109375s CPU (295.1%)

PHY-3001 : Trial Legalized: Len = 643474
PHY-3001 : Run with size of 2
PHY-3001 : Cell area utilization is 46%
PHY-3001 : Analyzing congestion ...
RUN-1001 : Generating global routing grids ...
PHY-1001 : Generate routing nets ...
PHY-1001 : Reuse net number 194/11917.
PHY-1001 : Global iterations in 16 thread ...
PHY-1002 : len = 711264, over cnt = 998(2%), over = 1782, worst = 8
PHY-1002 : len = 715864, over cnt = 568(1%), over = 914, worst = 8
PHY-1002 : len = 721824, over cnt = 213(0%), over = 322, worst = 6
PHY-1002 : len = 724784, over cnt = 22(0%), over = 24, worst = 2
PHY-1002 : len = 725016, over cnt = 0(0%), over = 0, worst = 0
PHY-1001 : End global iterations;  1.554210s wall, 1.640625s user + 0.421875s system = 2.062500s CPU (132.7%)

PHY-1001 : Congestion index: top1 = 52.97, top5 = 45.10, top10 = 40.71, top15 = 37.95.
PHY-3001 : End congestion estimation;  1.815460s wall, 1.843750s user + 0.453125s system = 2.296875s CPU (126.5%)

PHY-3001 : Update density targets...
PHY-3001 : Update congestion history...
PHY-3001 : :::0::: Try harder cell spreading with beta_ = 8.67754e-05
PHY-3002 : Step(305): len = 618121, overlap = 12
PHY-3002 : Step(306): len = 609588, overlap = 18.5
PHY-3002 : Step(307): len = 605145, overlap = 19.25
PHY-3002 : Step(308): len = 603880, overlap = 19.25
PHY-3002 : Step(309): len = 601965, overlap = 19.75
PHY-3002 : Step(310): len = 601486, overlap = 19
PHY-3002 : Step(311): len = 600862, overlap = 18.5
PHY-3001 : :::1::: Try harder cell spreading with beta_ = 0.000173551
PHY-3002 : Step(312): len = 606554, overlap = 16.5
PHY-3002 : Step(313): len = 609650, overlap = 14.75
PHY-3002 : Step(314): len = 611864, overlap = 16
PHY-3001 : :::2::: Try harder cell spreading with beta_ = 0.000347102
PHY-3002 : Step(315): len = 613823, overlap = 15.25
PHY-3002 : Step(316): len = 616300, overlap = 15.25
PHY-3002 : Step(317): len = 621989, overlap = 13.75
PHY-3002 : Step(318): len = 623514, overlap = 14.75
PHY-3002 : Step(319): len = 624028, overlap = 12
PHY-3001 : Legalization ...
PHY-3001 : End legalization;  0.009149s wall, 0.015625s user + 0.000000s system = 0.015625s CPU (170.8%)

PHY-3001 : Legalized: Len = 628492, Over = 0
PHY-3001 : Spreading special nets. 12 overflows in 2952 tiles.
PHY-3001 : End spreading;  0.033426s wall, 0.015625s user + 0.015625s system = 0.031250s CPU (93.5%)

PHY-3001 : 16 instances has been re-located, deltaX = 3, deltaY = 11, maxDist = 1.
PHY-3001 : Final: Len = 628594, Over = 0
OPT-1001 : Start physical optimization ...
OPT-1001 : Total overflow 0.00 peak overflow 0.00
OPT-1001 : Start high-fanout net optimization ...
OPT-1001 : Update timing in global mode
PHY-1001 : Start incremental global routing, caller is place ...
RUN-1001 : Generating global routing grids ...
PHY-1001 : Generate routing nets ...
PHY-1001 : Reuse net number 6333/11917.
PHY-1001 : Global iterations in 16 thread ...
PHY-1002 : len = 710768, over cnt = 583(1%), over = 818, worst = 8
PHY-1002 : len = 712312, over cnt = 329(0%), over = 424, worst = 7
PHY-1002 : len = 714416, over cnt = 163(0%), over = 204, worst = 5
PHY-1002 : len = 715848, over cnt = 47(0%), over = 58, worst = 4
PHY-1002 : len = 716560, over cnt = 0(0%), over = 0, worst = 0
PHY-1001 : End global iterations;  1.110761s wall, 1.109375s user + 0.375000s system = 1.484375s CPU (133.6%)

PHY-1001 : Congestion index: top1 = 51.90, top5 = 44.29, top10 = 40.26, top15 = 37.56.
PHY-1001 : End incremental global routing;  1.375118s wall, 1.375000s user + 0.375000s system = 1.750000s CPU (127.3%)

RUN-1002 : start command "start_timer -report"
TMR-5001 WARNING: No sdc constraints found while initiating timer.
TMR-2505 : Start building timing graph for model audio_speak.
TMR-2506 : Build timing graph completely. Port num: 20, tpin num: 38432, tnet num: 11845, tinst num: 4065, tnode num: 47249, tedge num: 83915.
TMR-2508 : Levelizing timing graph completed, there are 75 levels in total.
TMR-2501 : Timing graph initialized successfully.
OPT-1001 : End timing update;  0.722077s wall, 0.718750s user + 0.000000s system = 0.718750s CPU (99.5%)

OPT-1001 : 0 high-fanout net processed.
OPT-1001 : End high-fanout net optimization;  2.263698s wall, 2.250000s user + 0.375000s system = 2.625000s CPU (116.0%)

OPT-1001 : Current memory(MB): used = 450, reserve = 430, peak = 450.
OPT-1001 : Update timing in Manhattan mode
OPT-1001 : End timing update;  0.020879s wall, 0.031250s user + 0.000000s system = 0.031250s CPU (149.7%)

OPT-1001 : Start pin optimization...
OPT-1001 : skip pin optimization...
RUN-1001 : Generating global routing grids ...
PHY-1001 : Generate routing nets ...
PHY-1001 : Reuse net number 10793/11917.
PHY-1001 : Global iterations in 16 thread ...
PHY-1002 : len = 716560, over cnt = 0(0%), over = 0, worst = 0
PHY-1001 : End global iterations;  0.089039s wall, 0.093750s user + 0.000000s system = 0.093750s CPU (105.3%)

PHY-1001 : Congestion index: top1 = 51.90, top5 = 44.29, top10 = 40.26, top15 = 37.56.
OPT-1001 : Update timing in Manhattan mode
OPT-1001 : End timing update;  0.020770s wall, 0.031250s user + 0.000000s system = 0.031250s CPU (150.5%)

RUN-1001 : QoR Analysis:
OPT-0007 :   WNS 2147483647 TNS 0 NUM_FEPS 0
RUN-1001 :   No local congestion issue, and most congested 1% tile average routing util is 51.448276
RUN-1001 :   Top critical paths
OPT-1001 : End physical optimization;  2.741470s wall, 2.734375s user + 0.375000s system = 3.109375s CPU (113.4%)

RUN-1003 : finish command "place" in  24.112844s wall, 42.593750s user + 36.921875s system = 79.515625s CPU (329.8%)

RUN-1004 : used memory is 380 MB, reserved memory is 359 MB, peak memory is 455 MB
RUN-1002 : start command "export_db ES8388_place.db"
RUN-1001 : Exported /
RUN-1001 : Exported flow parameters
RUN-1001 : Exported libs
RUN-1001 : Exported entities
RUN-1001 : Exported ports
RUN-1001 : Exported pins
RUN-1001 : Exported instances
RUN-1001 : Exported nets
RUN-1001 : Exported buses
RUN-1001 : Exported models
RUN-1001 : Exported congestions
RUN-1001 : Exported violations
RUN-1001 : Exported IO constraints
RUN-1001 : Exported Inst constraints
RUN-1003 : finish command "export_db ES8388_place.db" in  1.349341s wall, 2.125000s user + 0.062500s system = 2.187500s CPU (162.1%)

RUN-1004 : used memory is 386 MB, reserved memory is 369 MB, peak memory is 462 MB
RUN-1002 : start command "route"
RUN-1001 : Open license file D:/TD5.2.6/license/Anlogic.lic
RUN-1001 : Print Global Property
RUN-1001 : ---------------------------------------------------------------
RUN-1001 :        Parameters        |  Settings  |  Default Values  |  Note  
RUN-1001 : ---------------------------------------------------------------
RUN-1001 :          message         |  standard  |     standard     |        
RUN-1001 :   mixed_pack_place_flow  |     on     |        on        |        
RUN-1001 :        qor_monitor       |    off     |       off        |        
RUN-1001 :        syn_ip_flow       |    off     |       off        |        
RUN-1001 :          thread          |    auto    |       auto       |        
RUN-1001 : ---------------------------------------------------------------
RUN-1001 : Print Route Property
RUN-1001 : -------------------------------------------------------
RUN-1001 :    Parameters    |  Settings  |  Default Values  |  Note  
RUN-1001 : -------------------------------------------------------
RUN-1001 :      effort      |   medium   |      medium      |        
RUN-1001 :     fix_hold     |    off     |       off        |        
RUN-1001 :    opt_timing    |   medium   |      medium      |        
RUN-1001 :   phy_sim_model  |    off     |       off        |        
RUN-1001 :     priority     |   timing   |      timing      |        
RUN-1001 :     swap_pin     |     on     |        on        |        
RUN-1001 : -------------------------------------------------------
PHY-1001 : Route runs in 16 thread(s)
RUN-1001 : There are total 4137 instances
RUN-1001 : 1986 mslices, 1987 lslices, 28 pads, 30 brams, 29 dsps
RUN-1001 : There are total 11917 nets
RUN-1001 : 9163 nets have 2 pins
RUN-1001 : 2193 nets have [3 - 5] pins
RUN-1001 : 335 nets have [6 - 10] pins
RUN-1001 : 123 nets have [11 - 20] pins
RUN-1001 : 94 nets have [21 - 99] pins
RUN-1001 : 9 nets have 100+ pins
RUN-1002 : start command "start_timer -report"
TMR-5001 WARNING: No sdc constraints found while initiating timer.
TMR-2505 : Start building timing graph for model audio_speak.
TMR-2506 : Build timing graph completely. Port num: 20, tpin num: 38432, tnet num: 11845, tinst num: 4065, tnode num: 47249, tedge num: 83915.
TMR-2508 : Levelizing timing graph completed, there are 75 levels in total.
TMR-2501 : Timing graph initialized successfully.
PHY-1001 : 1986 mslices, 1987 lslices, 28 pads, 30 brams, 29 dsps
TMR-2503 : Start to update net delay, extr mode = 3.
TMR-2504 : Update delay of 11845 nets completely.
TMR-2502 : Annotate delay completely, extr mode = 3.
TMR-3002 : No user constraint, initiate default constraint.
TMR-1501 : Assign derive clock DeriveClock to 3944 clock pins, and constraint 8815 relative nodes.
TMR-3003 : Constraints initiated successfully.
TMR-3501 : Forward propagation: start to calculate arrival time...
TMR-3502 : Backward propagation: start to calculate required time...
TMR-3503 : Timing propagation completes.
PHY-1001 : Start global routing, caller is route ...
RUN-1001 : Generating global routing grids ...
PHY-1001 : Generate routing nets ...
PHY-1001 : Global iterations in 16 thread ...
PHY-1002 : len = 690576, over cnt = 992(2%), over = 1793, worst = 8
PHY-1002 : len = 695200, over cnt = 648(1%), over = 1065, worst = 8
PHY-1002 : len = 701008, over cnt = 272(0%), over = 434, worst = 8
PHY-1002 : len = 705664, over cnt = 3(0%), over = 3, worst = 1
PHY-1002 : len = 705760, over cnt = 0(0%), over = 0, worst = 0
PHY-1001 : End global iterations;  1.442627s wall, 1.375000s user + 0.734375s system = 2.109375s CPU (146.2%)

PHY-1001 : Congestion index: top1 = 51.72, top5 = 43.84, top10 = 39.85, top15 = 37.22.
PHY-1001 : End global routing;  1.643728s wall, 1.578125s user + 0.734375s system = 2.312500s CPU (140.7%)

PHY-1001 : Start detail routing ...
PHY-1001 : Current memory(MB): used = 515, reserve = 497, peak = 515.
PHY-1001 : Detailed router is running in normal mode.
PHY-1001 : Generate detailed routing grids ...
PHY-1001 : Processed IO instance aud_dacdat_syn_4 with INV attribute.
PHY-1001 : Generate nets ...
PHY-1001 : clock net aud_bclk_syn_4 will be merged with clock aud_bclk_dup_1
PHY-1001 : net aud_mclk_dup_1 will be routed on clock mesh
PHY-1001 : net sys_clk_dup_3 will be routed on clock mesh
PHY-1001 : clock net u_es8388_ctrl/u_es8388_config/u_i2c_dri/dri_clk_syn_4 will be merged with clock u_es8388_ctrl/u_es8388_config/u_i2c_dri/dri_clk
PHY-1001 : clock net u_pll_clk/clk0_out will be merged with clock u_pll_clk/clk0_buf
PHY-1001 : Current memory(MB): used = 770, reserve = 756, peak = 770.
PHY-1001 : End build detailed router design. 3.375765s wall, 3.296875s user + 0.062500s system = 3.359375s CPU (99.5%)

PHY-1001 : Detail Route ...
PHY-1001 : ===== Detail Route Phase 1 =====
PHY-1001 : Clock net routing.....
PHY-1001 : Routed 0% nets.
PHY-1022 : len = 110832, over cnt = 0(0%), over = 0, worst = 0, crit = 0
PHY-1001 : End initial clock net routed; 1.327873s wall, 1.328125s user + 0.000000s system = 1.328125s CPU (100.0%)

PHY-1001 : Current memory(MB): used = 804, reserve = 791, peak = 804.
PHY-1001 : End phase 1; 1.335248s wall, 1.328125s user + 0.000000s system = 1.328125s CPU (99.5%)

PHY-1001 : ===== Detail Route Phase 2 =====
PHY-1001 : Initial routing.....
PHY-1001 : Routed 33% nets.
PHY-1001 : Routed 39% nets.
PHY-1001 : Routed 48% nets.
PHY-1001 : Routed 61% nets.
PHY-1001 : Routed 85% nets.
PHY-1022 : len = 1.62826e+06, over cnt = 115(0%), over = 115, worst = 1, crit = 0
PHY-1001 : Current memory(MB): used = 807, reserve = 794, peak = 807.
PHY-1001 : End initial routed; 17.704456s wall, 23.484375s user + 11.156250s system = 34.640625s CPU (195.7%)

PHY-1001 : Current memory(MB): used = 807, reserve = 794, peak = 807.
PHY-1001 : End phase 2; 17.704508s wall, 23.484375s user + 11.156250s system = 34.640625s CPU (195.7%)

PHY-1001 : ===== Detail Route Phase 3 =====
PHY-1001 : Ripup-reroute.....
PHY-1001 : ===== DR Iter 1 =====
PHY-1022 : len = 1.62727e+06, over cnt = 22(0%), over = 22, worst = 1, crit = 0
PHY-1001 : End DR Iter 1; 0.163196s wall, 0.140625s user + 0.062500s system = 0.203125s CPU (124.5%)

PHY-1001 : ===== DR Iter 2 =====
PHY-1022 : len = 1.62752e+06, over cnt = 3(0%), over = 3, worst = 1, crit = 0
PHY-1001 : End DR Iter 2; 0.102996s wall, 0.109375s user + 0.000000s system = 0.109375s CPU (106.2%)

PHY-1001 : ===== DR Iter 3 =====
PHY-1022 : len = 1.6274e+06, over cnt = 0(0%), over = 0, worst = 0, crit = 0
PHY-1001 : End DR Iter 3; 0.088929s wall, 0.093750s user + 0.000000s system = 0.093750s CPU (105.4%)

PHY-1001 : Commit to database.....
PHY-1001 : 16 feed throughs used by 13 nets
PHY-1001 : End commit to database; 1.050009s wall, 1.015625s user + 0.031250s system = 1.046875s CPU (99.7%)

PHY-1001 : Current memory(MB): used = 862, reserve = 851, peak = 862.
PHY-1001 : End phase 3; 1.588861s wall, 1.531250s user + 0.093750s system = 1.625000s CPU (102.3%)

PHY-1003 : Routed, final wirelength = 1.6274e+06
PHY-1001 : Current memory(MB): used = 864, reserve = 853, peak = 864.
PHY-1001 : End export database. 0.036744s wall, 0.046875s user + 0.000000s system = 0.046875s CPU (127.6%)

PHY-1001 : End detail routing;  24.348478s wall, 29.968750s user + 11.328125s system = 41.296875s CPU (169.6%)

RUN-1003 : finish command "route" in  27.254189s wall, 32.812500s user + 12.062500s system = 44.875000s CPU (164.7%)

RUN-1004 : used memory is 735 MB, reserved memory is 722 MB, peak memory is 864 MB
RUN-1002 : start command "report_area -io_info -file ES8388_phy.area"
RUN-1001 : standard
***Report Model: audio_speak Device: EG4S20BG256***

IO Statistics
#IO                        28
  #input                   12
  #output                  15
  #inout                    1

Utilization Statistics
#lut                     6349   out of  19600   32.39%
#reg                     3224   out of  19600   16.45%
#le                      7576
  #lut only              4352   out of   7576   57.44%
  #reg only              1227   out of   7576   16.20%
  #lut&reg               1997   out of   7576   26.36%
#dsp                       29   out of     29  100.00%
#bram                      30   out of     64   46.88%
  #bram9k                  16
  #fifo9k                  14
#bram32k                    0   out of     16    0.00%
#pad                       28   out of    188   14.89%
  #ireg                     2
  #oreg                    15
  #treg                     1
#pll                        1   out of      4   25.00%
#gclk                       3   out of     16   18.75%

Clock Resource Statistics
Index     ClockNet                                           Type               DriverType         Driver                                                      Fanout
#1        aud_bclk_dup_1                                     GCLK               io                 aud_bclk_syn_2.di                                           1464
#2        sys_clk_dup_3                                      GCLK               io                 sys_clk_syn_4.di                                            464
#3        u_es8388_ctrl/u_es8388_config/u_i2c_dri/dri_clk    GCLK               mslice             u_es8388_ctrl/u_sound_localization/abs_left[17]_syn_5.q0    45
#4        aud_mclk_dup_1                                     GCLK               pll                u_pll_clk/pll_inst.clkc1                                    0
#5        u_pll_clk/clk0_buf                                 GCLK               pll                u_pll_clk/pll_inst.clkc0                                    0


Detailed IO Report

       Name          Direction    Location    IOStandard    DriveStrength    PullType     PackReg   
      SD_MISO          INPUT         G1        LVCMOS25          N/A          PULLUP       NONE     
    aud_adcdat         INPUT         F7        LVCMOS25          N/A          PULLUP       IREG     
     aud_bclk          INPUT         C4        LVCMOS25          N/A          PULLUP       NONE     
      aud_lrc          INPUT         D6        LVCMOS25          N/A          PULLUP       IREG     
    change_mode        INPUT        B12        LVCMOS25          N/A          PULLUP       NONE     
     filter_en         INPUT        A14        LVCMOS25          N/A          PULLUP       NONE     
  localization_en      INPUT        A12        LVCMOS25          N/A          PULLUP       NONE     
      play_en          INPUT        B10        LVCMOS25          N/A          PULLUP       NONE     
     record_en         INPUT        A11        LVCMOS25          N/A          PULLUP       NONE     
      sys_clk          INPUT         R7        LVCMOS25          N/A          PULLUP       NONE     
     sys_rst_n         INPUT         A9        LVCMOS25          N/A          PULLUP       NONE     
  voice_change_en      INPUT        A13        LVCMOS25          N/A          PULLUP       NONE     
      SD_DCLK         OUTPUT         J1        LVCMOS25           8            NONE        OREG     
      SD_MOSI         OUTPUT         H1        LVCMOS25           8            NONE        OREG     
      SD_nCS          OUTPUT         K2        LVCMOS25           8            NONE        OREG     
    aud_dacdat        OUTPUT         C5        LVCMOS25           8            NONE        OREG     
     aud_mclk         OUTPUT         B3        LVCMOS25           8            NONE        NONE     
      aud_scl         OUTPUT         B2        LVCMOS25           8            NONE        OREG     
      led[8]          OUTPUT         C2        LVCMOS25           8            NONE        OREG     
      led[7]          OUTPUT        B14        LVCMOS25           8            NONE        OREG     
      led[6]          OUTPUT        F16        LVCMOS25           8            NONE        OREG     
      led[5]          OUTPUT        E16        LVCMOS25           8            NONE        OREG     
      led[4]          OUTPUT        E13        LVCMOS25           8            NONE        OREG     
      led[3]          OUTPUT        C16        LVCMOS25           8            NONE        OREG     
      led[2]          OUTPUT        C15        LVCMOS25           8            NONE        OREG     
      led[1]          OUTPUT        B16        LVCMOS25           8            NONE        OREG     
      led[0]          OUTPUT        B15        LVCMOS25           8            NONE        OREG     
      aud_sda          INOUT         B1        LVCMOS25           8           PULLUP     OREG;TREG  

Report Hierarchy Area:
+------------------------------------------------------------------------------------------------------------+
|Instance                       |Module                 |le     |lut     |ripple  |seq     |bram    |dsp     |
+------------------------------------------------------------------------------------------------------------+
|top                            |audio_speak            |7576   |4490    |1859    |3242    |30      |29      |
|  u_es8388_ctrl                |es8388_ctrl            |6453   |3567    |1766    |2725    |24      |29      |
|    u_audio_receive            |audio_receive          |87     |56      |12      |53      |0       |0       |
|    u_audio_send               |audio_send             |61     |61      |0       |28      |0       |0       |
|    u_es8388_config            |es8388_config          |192    |172     |20      |69      |0       |0       |
|      u_i2c_dri                |i2c_dri                |122    |112     |10      |40      |0       |0       |
|      u_i2c_reg_cfg            |i2c_reg_cfg            |70     |60      |10      |29      |0       |0       |
|    u_fir_filter               |fir_filter             |4645   |2293    |1321    |2323    |0       |25      |
|    u_sound_localization       |sound_localization     |287    |162     |125     |43      |0       |0       |
|    u_voice_change_stereo      |voice_change_stereo    |1105   |817     |288     |133     |24      |4       |
|      vc_left                  |voice_change           |590    |439     |151     |99      |20      |2       |
|        the_instance_name      |voice_change_fifo      |2      |2       |0       |1       |4       |0       |
|        voice_change_ram_inst1 |voice_change_ram       |0      |0       |0       |0       |8       |0       |
|        voice_change_ram_inst2 |voice_change_ram       |0      |0       |0       |0       |8       |0       |
|      vc_right                 |voice_change           |515    |378     |137     |34      |4       |2       |
|        the_instance_name      |voice_change_fifo      |0      |0       |0       |0       |4       |0       |
|  u_pll_clk                    |clk_wiz_0              |2      |2       |0       |0       |0       |0       |
|  u_sd_audio_ctrl              |sd_audio_ctrl          |405    |260     |43      |279     |6       |0       |
|    play_fifo_inst             |play_fifo              |0      |0       |0       |0       |3       |0       |
|    record_fifo_inst           |record_fifo            |0      |0       |0       |0       |3       |0       |
|  u_sd_card_top                |sd_card_top            |667    |624     |38      |185     |0       |0       |
|    sd_card_cmd_m0             |sd_card_cmd            |393    |359     |29      |67      |0       |0       |
|    sd_card_sec_read_write_m0  |sd_card_sec_read_write |205    |205     |0       |85      |0       |0       |
|    spi_master_m0              |spi_master             |69     |60      |9       |33      |0       |0       |
+------------------------------------------------------------------------------------------------------------+


DataNet Average Fanout:

   Index     Fanout     Nets  
    #1          1       9083  
    #2          2       1715  
    #3          3       355   
    #4          4       103   
    #5        5-10      363   
    #6        11-50     182   
    #7       51-100      6    
    #8       101-500     2    
    #9        >500       3    
  Average     2.08            

RUN-1002 : start command "export_db ES8388_pr.db"
RUN-1001 : Exported /
RUN-1001 : Exported flow parameters
RUN-1001 : Exported libs
RUN-1001 : Exported entities
RUN-1001 : Exported ports
RUN-1001 : Exported pins
RUN-1001 : Exported instances
RUN-1001 : Exported nets
RUN-1001 : Exported buses
RUN-1001 : Exported models
RUN-1001 : Exported congestions
RUN-1001 : Exported violations
RUN-1001 : Exported IO constraints
RUN-1001 : Exported Inst constraints
RUN-1003 : finish command "export_db ES8388_pr.db" in  1.536741s wall, 2.421875s user + 0.031250s system = 2.453125s CPU (159.6%)

RUN-1004 : used memory is 736 MB, reserved memory is 723 MB, peak memory is 864 MB
RUN-1002 : start command "export_bid ES8388_inst.bid"
PRG-1000 : <!-- HMAC is: 924a26fcd6e683a8ace9468c3c81097a63ac58fb68866f790cae5f5437d43820 -->
RUN-1002 : start command "bitgen -bit ES8388.bit -unused_io_status pulldown"
BIT-1003 : Start to generate bitstream. 
BIT-1002 : Bitgen processed 160 unused pads, reserve input tri_state with pulldown
BIT-1002 : Init instances with 16 threads.
BIT-1002 : Init instances completely, inst num: 4225
BIT-1002 : Init pips with 16 threads.
BIT-1002 : Init pips completely, net num: 11917, pip num: 95441
BIT-1002 : Init feedthrough with 16 threads.
BIT-1002 : Init feedthrough completely, num: 16
BIT-1003 : Multithreading accelaration with 16 threads.
BIT-1003 : Generate bitstream completely, there are 3262 valid insts, and 261605 bits set as '1'.
BIT-1004 : the usercode register value: 00000000101111000000000000000000
BIT-1004 : PLL setting string = 0010
BIT-1004 : Generate bits file ES8388.bit.
RUN-1003 : finish command "bitgen -bit ES8388.bit -unused_io_status pulldown" in  6.113858s wall, 73.812500s user + 1.031250s system = 74.843750s CPU (1224.2%)

RUN-1004 : used memory is 739 MB, reserved memory is 726 MB, peak memory is 931 MB
RUN-1002 : start command "backup_run_log run.log ../.logs/phy_1/td_20251125_215243.log"
RUN-1001 : Backing up run's log file succeed.
