============================================================
   Tang Dynasty, V5.6.71036
      Copyright (c) 2012-2023 Anlogic Inc.
   Executable = D:/TD5.2.6/bin/td.exe
   Built at =   20:34:38 Mar 21 2023
   Run by =     34365
   Run Date =   Tue Nov 25 21:52:25 2025

   Run on =     HONGQIYT
============================================================
RUN-1002 : start command "open_project ES8388.prj"
RUN-1001 : Print Global Property
RUN-1001 : ---------------------------------------------------------------
RUN-1001 :        Parameters        |  Settings  |  Default Values  |  Note  
RUN-1001 : ---------------------------------------------------------------
RUN-1001 :          message         |  standard  |     standard     |        
RUN-1001 :   mixed_pack_place_flow  |     on     |        on        |        
RUN-1001 :        qor_monitor       |    off     |       off        |        
RUN-1001 :        syn_ip_flow       |    off     |       off        |        
RUN-1001 :          thread          |    auto    |       auto       |        
RUN-1001 : ---------------------------------------------------------------
RUN-1001 : Print Design Property
RUN-1001 : --------------------------------------------------------------
RUN-1001 :        Parameters       |  Settings  |  Default Values  |  Note  
RUN-1001 : --------------------------------------------------------------
RUN-1001 :   default_reg_initial   |    auto    |       auto       |        
RUN-1001 :        infer_add        |     on     |        on        |        
RUN-1001 :        infer_fsm        |    off     |       off        |        
RUN-1001 :        infer_mult       |     on     |        on        |        
RUN-1001 :        infer_ram        |     on     |        on        |        
RUN-1001 :        infer_reg        |     on     |        on        |        
RUN-1001 :   infer_reg_init_value  |     on     |        on        |        
RUN-1001 :        infer_rom        |     on     |        on        |        
RUN-1001 :      infer_shifter      |     on     |        on        |        
RUN-1001 : --------------------------------------------------------------
RUN-1001 : Print Rtl Property
RUN-1001 : --------------------------------------------------------------
RUN-1001 :        Parameters       |  Settings  |  Default Values  |  Note  
RUN-1001 : --------------------------------------------------------------
RUN-1001 :       compress_add      |   ripple   |      ripple      |        
RUN-1001 :        elf_sload        |    off     |       off        |        
RUN-1001 :       fix_undriven      |     0      |        0         |        
RUN-1001 :         flatten         |    off     |       off        |        
RUN-1001 :       gate_sharing      |     on     |        on        |        
RUN-1001 :    hdl_warning_level    |   normal   |      normal      |        
RUN-1001 :   impl_internal_tribuf  |     on     |        on        |        
RUN-1001 :      impl_set_reset     |     on     |        on        |        
RUN-1001 :        infer_gsr        |    off     |       off        |        
RUN-1001 :      keep_hierarchy     |    auto    |       auto       |        
RUN-1001 :        max_fanout       |    9999    |       9999       |        
RUN-1001 :      max_oh2bin_len     |     10     |        10        |        
RUN-1001 :       merge_equal       |     on     |        on        |        
RUN-1001 :       merge_equiv       |     on     |        on        |        
RUN-1001 :        merge_mux        |    off     |       off        |        
RUN-1001 :     min_control_set     |     8      |        8         |        
RUN-1001 :      min_ripple_len     |    auto    |       auto       |        
RUN-1001 :       oh2bin_ratio      |    0.08    |       0.08       |        
RUN-1001 :     opt_adder_fanout    |     on     |        on        |        
RUN-1001 :        opt_arith        |     on     |        on        |        
RUN-1001 :       opt_big_gate      |    off     |       off        |        
RUN-1001 :        opt_const        |     on     |        on        |        
RUN-1001 :      opt_const_mult     |     on     |        on        |        
RUN-1001 :       opt_lessthan      |     on     |        on        |        
RUN-1001 :         opt_mux         |    off     |       off        |        
RUN-1001 :         opt_ram         |    high    |       high       |        
RUN-1001 :      rtl_sim_model      |    off     |       off        |        
RUN-1001 :         seq_syn         |     on     |        on        |        
RUN-1001 : --------------------------------------------------------------
HDL-1007 : analyze verilog file ../../al_ip/clk_wiz_0.v
HDL-1007 : undeclared symbol 'open', assumed default net type 'wire' in ../../al_ip/clk_wiz_0.v(80)
HDL-1007 : analyze verilog file ../../al_ip/voice_change_ram.v
HDL-1007 : analyze verilog file ../../al_ip/voice_change_fifo.v
HDL-1007 : analyze verilog file ../../al_ip/record_fifo.v
HDL-1007 : analyze verilog file ../../al_ip/play_fifo.v
HDL-1007 : analyze verilog file ../../../RTL/audio_receive.v
HDL-1007 : analyze verilog file ../../../RTL/audio_send.v
HDL-1007 : analyze verilog file ../../../RTL/audio_speak.v
HDL-1007 : undeclared symbol 'chipwatcherclk', assumed default net type 'wire' in ../../../RTL/audio_speak.v(81)
HDL-1007 : analyze verilog file ../../../RTL/es8388_config.v
HDL-1007 : analyze verilog file ../../../RTL/es8388_ctrl.v
HDL-1007 : analyze verilog file ../../../RTL/i2c_dri.v
HDL-1007 : analyze verilog file ../../../RTL/i2c_reg_cfg.v
HDL-1007 : analyze verilog file ../../../RTL/fir_filter.sv
HDL-1007 : analyze verilog file ../../../RTL/voice_change_stereo.v
HDL-1007 : analyze verilog file ../../../RTL/voice_change.v
HDL-1007 : analyze verilog file ../../../RTL/sound_localization.v
HDL-1007 : analyze verilog file ../../../RTL/sd_audio_ctrl.v
HDL-1007 : analyze verilog file ../../../RTL/sd_card_cmd.v
HDL-1007 : analyze verilog file ../../../RTL/sd_card_sec_read_write.v
HDL-1007 : analyze verilog file ../../../RTL/sd_card_top.v
HDL-1007 : analyze verilog file ../../../RTL/spi_master.v
RUN-1001 : Project manager successfully analyzed 21 source files.
RUN-1002 : start command "import_device eagle_s20.db -package EG4S20BG256"
ARC-1001 : Device Initialization.
ARC-1001 : ------------------------------------------------------------------
ARC-1001 :            OPTION            |          IO          |   SETTING   
ARC-1001 : ------------------------------------------------------------------
ARC-1001 :   cso_b/cclk/mosi/miso/dout  |  T3/R11/T10/P10/S11  |    gpio    
ARC-1001 :             done             |         P13          |    gpio    
ARC-1001 :           program_b          |          T2          |  dedicate  
ARC-1001 :        tdi/tms/tck/tdo       |   C12/A15/C14/E14    |  dedicate  
ARC-1001 : ------------------------------------------------------------------
ARC-1004 : Device setting, marked 5 dedicate IOs in total.
RUN-1002 : start command "elaborate -top audio_speak"
RUN-1001 : Print Design Property
RUN-1001 : --------------------------------------------------------------
RUN-1001 :        Parameters       |  Settings  |  Default Values  |  Note  
RUN-1001 : --------------------------------------------------------------
RUN-1001 :   default_reg_initial   |    auto    |       auto       |        
RUN-1001 :        infer_add        |     on     |        on        |        
RUN-1001 :        infer_fsm        |    off     |       off        |        
RUN-1001 :        infer_mult       |     on     |        on        |        
RUN-1001 :        infer_ram        |     on     |        on        |        
RUN-1001 :        infer_reg        |     on     |        on        |        
RUN-1001 :   infer_reg_init_value  |     on     |        on        |        
RUN-1001 :        infer_rom        |     on     |        on        |        
RUN-1001 :      infer_shifter      |     on     |        on        |        
RUN-1001 : --------------------------------------------------------------
RUN-1001 : Print Rtl Property
RUN-1001 : --------------------------------------------------------------
RUN-1001 :        Parameters       |  Settings  |  Default Values  |  Note  
RUN-1001 : --------------------------------------------------------------
RUN-1001 :       compress_add      |   ripple   |      ripple      |        
RUN-1001 :        elf_sload        |    off     |       off        |        
RUN-1001 :       fix_undriven      |     0      |        0         |        
RUN-1001 :         flatten         |    off     |       off        |        
RUN-1001 :       gate_sharing      |     on     |        on        |        
RUN-1001 :    hdl_warning_level    |   normal   |      normal      |        
RUN-1001 :   impl_internal_tribuf  |     on     |        on        |        
RUN-1001 :      impl_set_reset     |     on     |        on        |        
RUN-1001 :        infer_gsr        |    off     |       off        |        
RUN-1001 :      keep_hierarchy     |    auto    |       auto       |        
RUN-1001 :        max_fanout       |    9999    |       9999       |        
RUN-1001 :      max_oh2bin_len     |     10     |        10        |        
RUN-1001 :       merge_equal       |     on     |        on        |        
RUN-1001 :       merge_equiv       |     on     |        on        |        
RUN-1001 :        merge_mux        |    off     |       off        |        
RUN-1001 :     min_control_set     |     8      |        8         |        
RUN-1001 :      min_ripple_len     |    auto    |       auto       |        
RUN-1001 :       oh2bin_ratio      |    0.08    |       0.08       |        
RUN-1001 :     opt_adder_fanout    |     on     |        on        |        
RUN-1001 :        opt_arith        |     on     |        on        |        
RUN-1001 :       opt_big_gate      |    off     |       off        |        
RUN-1001 :        opt_const        |     on     |        on        |        
RUN-1001 :      opt_const_mult     |     on     |        on        |        
RUN-1001 :       opt_lessthan      |     on     |        on        |        
RUN-1001 :         opt_mux         |    off     |       off        |        
RUN-1001 :         opt_ram         |    high    |       high       |        
RUN-1001 :      rtl_sim_model      |    off     |       off        |        
RUN-1001 :         seq_syn         |     on     |        on        |        
RUN-1001 : --------------------------------------------------------------
RUN-1001 : Print Global Property
RUN-1001 : ---------------------------------------------------------------
RUN-1001 :        Parameters        |  Settings  |  Default Values  |  Note  
RUN-1001 : ---------------------------------------------------------------
RUN-1001 :          message         |  standard  |     standard     |        
RUN-1001 :   mixed_pack_place_flow  |     on     |        on        |        
RUN-1001 :        qor_monitor       |    off     |       off        |        
RUN-1001 :        syn_ip_flow       |    off     |       off        |        
RUN-1001 :          thread          |    auto    |       auto       |        
RUN-1001 : ---------------------------------------------------------------
RUN-1001 : Print Design Property
RUN-1001 : --------------------------------------------------------------
RUN-1001 :        Parameters       |  Settings  |  Default Values  |  Note  
RUN-1001 : --------------------------------------------------------------
RUN-1001 :   default_reg_initial   |    auto    |       auto       |        
RUN-1001 :        infer_add        |     on     |        on        |        
RUN-1001 :        infer_fsm        |    off     |       off        |        
RUN-1001 :        infer_mult       |     on     |        on        |        
RUN-1001 :        infer_ram        |     on     |        on        |        
RUN-1001 :        infer_reg        |     on     |        on        |        
RUN-1001 :   infer_reg_init_value  |     on     |        on        |        
RUN-1001 :        infer_rom        |     on     |        on        |        
RUN-1001 :      infer_shifter      |     on     |        on        |        
RUN-1001 : --------------------------------------------------------------
HDL-1007 : elaborate module audio_speak in ../../../RTL/audio_speak.v(1)
HDL-1007 : elaborate module clk_wiz_0 in ../../al_ip/clk_wiz_0.v(23)
HDL-1007 : elaborate module EG_LOGIC_BUFG in D:/TD5.2.6/arch/eagle_macro.v(8)
HDL-1007 : elaborate module EG_PHY_PLL(FIN="50.000",FBCLK_DIV=4,CLKC0_DIV=4,CLKC1_DIV=65,CLKC0_ENABLE="ENABLE",CLKC1_ENABLE="ENABLE",FEEDBK_PATH="CLKC0_EXT",CLKC0_CPHASE=3,CLKC1_CPHASE=64,GMC_GAIN=4,ICP_CURRENT=13,KVCO=4,LPF_CAPACITOR=1,LPF_RESISTOR=4,SYNC_ENABLE="DISABLE") in D:/TD5.2.6/arch/eagle_macro.v(930)
HDL-1007 : elaborate module es8388_ctrl in ../../../RTL/es8388_ctrl.v(1)
HDL-1007 : elaborate module voice_change_stereo(P_DATA_WIDTH=32,P_PITCH_FACTOR=4) in ../../../RTL/voice_change_stereo.v(1)
HDL-1007 : port 'doa' remains unconnected for this instance in ../../../RTL/voice_change.v(187)
HDL-5007 WARNING: port 'ocea' is not connected on this instance in ../../../RTL/voice_change.v(187)
HDL-1007 : port 'doa' remains unconnected for this instance in ../../../RTL/voice_change.v(192)
HDL-5007 WARNING: port 'ocea' is not connected on this instance in ../../../RTL/voice_change.v(192)
HDL-1007 : elaborate module voice_change(DATA_WIDTH=32,PITCH_FACTOR=4) in ../../../RTL/voice_change.v(1)
HDL-1007 : elaborate module voice_change_ram in ../../al_ip/voice_change_ram.v(14)
HDL-1007 : elaborate module EG_LOGIC_BRAM(DATA_WIDTH_A=32,DATA_WIDTH_B=32,ADDR_WIDTH_B=10,DATA_DEPTH_A=1024,DATA_DEPTH_B=1024,REGMODE_A="OUTREG",REGMODE_B="OUTREG") in D:/TD5.2.6/arch/eagle_macro.v(1032)
HDL-1007 : elaborate module voice_change_fifo in ../../al_ip/voice_change_fifo.v(14)
HDL-1007 : elaborate module EG_LOGIC_FIFO(DATA_WIDTH_W=32,DATA_WIDTH_R=32,DATA_DEPTH_R=1024,F=1024,ENDIAN="BIG") in D:/TD5.2.6/arch/eagle_macro.v(142)
HDL-5007 WARNING: input port 'ocea' remains unconnected for this instance in ../../../RTL/voice_change.v(187)
HDL-5007 WARNING: input port 'ocea' remains unconnected for this instance in ../../../RTL/voice_change.v(192)
HDL-1007 : elaborate module es8388_config(WL=6'b011000) in ../../../RTL/es8388_config.v(3)
HDL-1007 : elaborate module i2c_reg_cfg(WL=6'b011000) in ../../../RTL/i2c_reg_cfg.v(1)
HDL-1007 : elaborate module i2c_dri in ../../../RTL/i2c_dri.v(1)
HDL-5007 WARNING: actual bit length 8 differs from formal bit length 16 for port 'i2c_addr' in ../../../RTL/es8388_config.v(59)
HDL-1007 : elaborate module audio_receive(WL=6'b011000) in ../../../RTL/audio_receive.v(1)
HDL-1007 : elaborate module fir_filter(DATA_WIDTH=6'b011000) in ../../../RTL/fir_filter.sv(1)
HDL-1007 : elaborate module audio_send(WL=6'b011000) in ../../../RTL/audio_send.v(1)
HDL-1007 : elaborate module sound_localization(DATA_WIDTH=6'b011000) in ../../../RTL/sound_localization.v(6)
HDL-1007 : elaborate module sd_audio_ctrl in ../../../RTL/sd_audio_ctrl.v(1)
HDL-1007 : elaborate module record_fifo in ../../al_ip/record_fifo.v(14)
HDL-1007 : elaborate module EG_LOGIC_FIFO(DATA_WIDTH_W=24,DATA_WIDTH_R=24,DATA_DEPTH_R=1024,F=1024,ENDIAN="BIG") in D:/TD5.2.6/arch/eagle_macro.v(142)
HDL-1007 : elaborate module play_fifo in ../../al_ip/play_fifo.v(14)
HDL-5007 WARNING: actual bit length 32 differs from formal bit length 8 for port 'sd_sec_read_data' in ../../../RTL/audio_speak.v(127)
HDL-5007 WARNING: actual bit length 32 differs from formal bit length 8 for port 'sd_sec_write_data' in ../../../RTL/audio_speak.v(132)
HDL-1007 : elaborate module sd_card_top in ../../../RTL/sd_card_top.v(4)
HDL-1007 : elaborate module sd_card_sec_read_write in ../../../RTL/sd_card_sec_read_write.v(1)
HDL-1007 : elaborate module sd_card_cmd in ../../../RTL/sd_card_cmd.v(1)
HDL-1007 : elaborate module spi_master in ../../../RTL/spi_master.v(1)
HDL-5007 WARNING: input port 'sd_sec_write_data[7]' remains unconnected for this instance in ../../../RTL/sd_card_top.v(86)
HDL-5007 WARNING: actual bit length 32 differs from formal bit length 8 for port 'sd_sec_read_data' in ../../../RTL/audio_speak.v(158)
HDL-5007 WARNING: actual bit length 32 differs from formal bit length 8 for port 'sd_sec_write_data' in ../../../RTL/audio_speak.v(165)
HDL-1200 : Current top model is audio_speak
HDL-1100 : Inferred 0 RAMs.
RUN-1002 : start command "export_db ES8388_elaborate.db"
RUN-1001 : Exported /
RUN-1001 : Exported flow parameters
RUN-1001 : Exported libs
RUN-1001 : Exported entities
RUN-1001 : Exported ports
RUN-1001 : Exported pins
RUN-1001 : Exported instances
RUN-1001 : Exported nets
RUN-1001 : Exported buses
RUN-1001 : Exported models
RUN-1001 : Exported congestions
RUN-1001 : Exported violations
RUN-1001 : Exported IO constraints
RUN-1001 : Exported Inst constraints
RUN-1002 : start command "read_adc ../../ES8388.adc"
RUN-1002 : start command "set_pin_assignment  SD_DCLK   LOCATION = J1; IOSTANDARD = LVCMOS25; DRIVESTRENGTH = 8; PULLTYPE = NONE; "
RUN-1002 : start command "set_pin_assignment  SD_MISO   LOCATION = G1; IOSTANDARD = LVCMOS25; PULLTYPE = PULLUP; "
RUN-1002 : start command "set_pin_assignment  SD_MOSI   LOCATION = H1; IOSTANDARD = LVCMOS25; DRIVESTRENGTH = 8; PULLTYPE = NONE; "
RUN-1002 : start command "set_pin_assignment  SD_nCS   LOCATION = K2; IOSTANDARD = LVCMOS25; DRIVESTRENGTH = 8; PULLTYPE = NONE; "
RUN-1002 : start command "set_pin_assignment  aud_adcdat   LOCATION = F7; IOSTANDARD = LVCMOS25; PULLTYPE = PULLUP; "
RUN-1002 : start command "set_pin_assignment  aud_bclk   LOCATION = C4; IOSTANDARD = LVCMOS25; PULLTYPE = PULLUP; "
RUN-1002 : start command "set_pin_assignment  aud_dacdat   LOCATION = C5; IOSTANDARD = LVCMOS25; DRIVESTRENGTH = 8; PULLTYPE = NONE; "
RUN-1002 : start command "set_pin_assignment  aud_lrc   LOCATION = D6; IOSTANDARD = LVCMOS25; PULLTYPE = PULLUP; "
RUN-1002 : start command "set_pin_assignment  aud_mclk   LOCATION = B3; IOSTANDARD = LVCMOS25; DRIVESTRENGTH = 8; PULLTYPE = NONE; "
RUN-1002 : start command "set_pin_assignment  aud_scl   LOCATION = B2; IOSTANDARD = LVCMOS25; DRIVESTRENGTH = 8; PULLTYPE = NONE; "
RUN-1002 : start command "set_pin_assignment  aud_sda   LOCATION = B1; IOSTANDARD = LVCMOS25; DRIVESTRENGTH = 8; PULLTYPE = PULLUP; "
RUN-1002 : start command "set_pin_assignment  change_mode   LOCATION = B12; IOSTANDARD = LVCMOS25; PULLTYPE = PULLUP; "
RUN-1002 : start command "set_pin_assignment  filter_en   LOCATION = A14; IOSTANDARD = LVCMOS25; PULLTYPE = PULLUP; "
RUN-1002 : start command "set_pin_assignment  led[0]   LOCATION = B15; IOSTANDARD = LVCMOS25; DRIVESTRENGTH = 8; PULLTYPE = NONE; "
RUN-1002 : start command "set_pin_assignment  led[1]   LOCATION = B16; IOSTANDARD = LVCMOS25; DRIVESTRENGTH = 8; PULLTYPE = NONE; "
RUN-1002 : start command "set_pin_assignment  led[2]   LOCATION = C15; IOSTANDARD = LVCMOS25; DRIVESTRENGTH = 8; PULLTYPE = NONE; "
RUN-1002 : start command "set_pin_assignment  led[3]   LOCATION = C16; IOSTANDARD = LVCMOS25; DRIVESTRENGTH = 8; PULLTYPE = NONE; "
RUN-1002 : start command "set_pin_assignment  led[4]   LOCATION = E13; IOSTANDARD = LVCMOS25; DRIVESTRENGTH = 8; PULLTYPE = NONE; "
RUN-1002 : start command "set_pin_assignment  led[5]   LOCATION = E16; IOSTANDARD = LVCMOS25; DRIVESTRENGTH = 8; PULLTYPE = NONE; "
RUN-1002 : start command "set_pin_assignment  led[6]   LOCATION = F16; IOSTANDARD = LVCMOS25; DRIVESTRENGTH = 8; PULLTYPE = NONE; "
RUN-1002 : start command "set_pin_assignment  led[7]   LOCATION = B14; IOSTANDARD = LVCMOS25; DRIVESTRENGTH = 8; PULLTYPE = NONE; "
RUN-1002 : start command "set_pin_assignment  led[8]   LOCATION = C2; IOSTANDARD = LVCMOS25; DRIVESTRENGTH = 8; PULLTYPE = NONE; "
RUN-1002 : start command "set_pin_assignment  localization_en   LOCATION = A12; IOSTANDARD = LVCMOS25; PULLTYPE = PULLUP; "
RUN-1002 : start command "set_pin_assignment  play_en   LOCATION = B10; IOSTANDARD = LVCMOS25; PULLTYPE = PULLUP; "
RUN-1002 : start command "set_pin_assignment  record_en   LOCATION = A11; IOSTANDARD = LVCMOS25; PULLTYPE = PULLUP; "
RUN-1002 : start command "set_pin_assignment  sys_clk   LOCATION = R7; IOSTANDARD = LVCMOS25; PULLTYPE = PULLUP; "
RUN-1002 : start command "set_pin_assignment  sys_rst_n   LOCATION = A9; IOSTANDARD = LVCMOS25; PULLTYPE = PULLUP; "
RUN-1002 : start command "set_pin_assignment  voice_change_en   LOCATION = A13; IOSTANDARD = LVCMOS25; PULLTYPE = PULLUP; "
RUN-1001 : Starting of IO setups legality check.
RUN-1001 : Starting of IO setups legality check.
RUN-1001 : Starting of IO vref setups legality check.
RUN-1002 : start command "optimize_rtl"
RUN-1001 : Open license file D:/TD5.2.6/license/Anlogic.lic
RUN-1001 : Print Global Property
RUN-1001 : ---------------------------------------------------------------
RUN-1001 :        Parameters        |  Settings  |  Default Values  |  Note  
RUN-1001 : ---------------------------------------------------------------
RUN-1001 :          message         |  standard  |     standard     |        
RUN-1001 :   mixed_pack_place_flow  |     on     |        on        |        
RUN-1001 :        qor_monitor       |    off     |       off        |        
RUN-1001 :        syn_ip_flow       |    off     |       off        |        
RUN-1001 :          thread          |    auto    |       auto       |        
RUN-1001 : ---------------------------------------------------------------
RUN-1001 : Print Rtl Property
RUN-1001 : --------------------------------------------------------------
RUN-1001 :        Parameters       |  Settings  |  Default Values  |  Note  
RUN-1001 : --------------------------------------------------------------
RUN-1001 :       compress_add      |   ripple   |      ripple      |        
RUN-1001 :        elf_sload        |    off     |       off        |        
RUN-1001 :       fix_undriven      |     0      |        0         |        
RUN-1001 :         flatten         |    off     |       off        |        
RUN-1001 :       gate_sharing      |     on     |        on        |        
RUN-1001 :    hdl_warning_level    |   normal   |      normal      |        
RUN-1001 :   impl_internal_tribuf  |     on     |        on        |        
RUN-1001 :      impl_set_reset     |     on     |        on        |        
RUN-1001 :        infer_gsr        |    off     |       off        |        
RUN-1001 :      keep_hierarchy     |    auto    |       auto       |        
RUN-1001 :        max_fanout       |    9999    |       9999       |        
RUN-1001 :      max_oh2bin_len     |     10     |        10        |        
RUN-1001 :       merge_equal       |     on     |        on        |        
RUN-1001 :       merge_equiv       |     on     |        on        |        
RUN-1001 :        merge_mux        |    off     |       off        |        
RUN-1001 :     min_control_set     |     8      |        8         |        
RUN-1001 :      min_ripple_len     |    auto    |       auto       |        
RUN-1001 :       oh2bin_ratio      |    0.08    |       0.08       |        
RUN-1001 :     opt_adder_fanout    |     on     |        on        |        
RUN-1001 :        opt_arith        |     on     |        on        |        
RUN-1001 :       opt_big_gate      |    off     |       off        |        
RUN-1001 :        opt_const        |     on     |        on        |        
RUN-1001 :      opt_const_mult     |     on     |        on        |        
RUN-1001 :       opt_lessthan      |     on     |        on        |        
RUN-1001 :         opt_mux         |    off     |       off        |        
RUN-1001 :         opt_ram         |    high    |       high       |        
RUN-1001 :      rtl_sim_model      |    off     |       off        |        
RUN-1001 :         seq_syn         |     on     |        on        |        
RUN-1001 : --------------------------------------------------------------
SYN-1012 : SanityCheck: Model "audio_speak"
SYN-1012 : SanityCheck: Model "es8388_ctrl"
SYN-1012 : SanityCheck: Model "audio_receive(WL=6'b011000)"
SYN-1012 : SanityCheck: Model "audio_send(WL=6'b011000)"
SYN-1012 : SanityCheck: Model "es8388_config(WL=6'b011000)"
SYN-1012 : SanityCheck: Model "i2c_dri"
SYN-1012 : SanityCheck: Model "i2c_reg_cfg(WL=6'b011000)"
SYN-1012 : SanityCheck: Model "fir_filter(DATA_WIDTH=6'b011000)"
SYN-1012 : SanityCheck: Model "sound_localization(DATA_WIDTH=6'b011000)"
SYN-1012 : SanityCheck: Model "voice_change_stereo(P_DATA_WIDTH=32,P_PITCH_FACTOR=4)"
SYN-1012 : SanityCheck: Model "voice_change(DATA_WIDTH=32,PITCH_FACTOR=4)"
SYN-1012 : SanityCheck: Model "voice_change_fifo"
SYN-1012 : SanityCheck: Model "voice_change_ram"
SYN-1012 : SanityCheck: Model "clk_wiz_0"
SYN-1012 : SanityCheck: Model "sd_audio_ctrl"
SYN-1012 : SanityCheck: Model "play_fifo"
SYN-1012 : SanityCheck: Model "record_fifo"
SYN-1012 : SanityCheck: Model "sd_card_top"
SYN-1012 : SanityCheck: Model "sd_card_cmd"
SYN-1012 : SanityCheck: Model "sd_card_sec_read_write"
SYN-1012 : SanityCheck: Model "spi_master"
SYN-1043 : Mark clk_wiz_0 as IO macro for instance bufg_feedback
SYN-1043 : Mark i2c_dri as IO macro for instance sda_i
SYN-1043 : Mark es8388_config(WL=6'b011000) as IO macro for instance u_i2c_dri
SYN-1043 : Mark es8388_ctrl as IO macro for instance u_es8388_config
SYN-1011 : Flatten model audio_speak
SYN-1032 : 20155/1222 useful/useless nets, 1684/85 useful/useless insts
SYN-1001 : Bypass 2 mux instances
SYN-1016 : Merged 8127 instances.
SYN-1032 : 19049/2386 useful/useless nets, 1740/526 useful/useless insts
SYN-1016 : Merged 3443 instances.
SYN-5013 WARNING: Undriven net: model "audio_speak" / net "u_es8388_ctrl/u_voice_change_stereo/vc_left/voice_change_ram_inst1/ocea" in ../../al_ip/voice_change_ram.v(47)
SYN-5014 WARNING: the net's pin: pin "ocea" in ../../al_ip/voice_change_ram.v(68)
SYN-5013 WARNING: Undriven net: model "audio_speak" / net "u_es8388_ctrl/u_voice_change_stereo/vc_left/voice_change_ram_inst2/ocea" in ../../al_ip/voice_change_ram.v(47)
SYN-5014 WARNING: the net's pin: pin "ocea" in ../../al_ip/voice_change_ram.v(68)
SYN-5013 WARNING: Undriven net: model "audio_speak" / net "u_es8388_ctrl/u_voice_change_stereo/vc_right/voice_change_ram_inst1/ocea" in ../../al_ip/voice_change_ram.v(47)
SYN-5014 WARNING: the net's pin: pin "ocea" in ../../al_ip/voice_change_ram.v(68)
SYN-5013 WARNING: Undriven net: model "audio_speak" / net "u_es8388_ctrl/u_voice_change_stereo/vc_right/voice_change_ram_inst2/ocea" in ../../al_ip/voice_change_ram.v(47)
SYN-5014 WARNING: the net's pin: pin "ocea" in ../../al_ip/voice_change_ram.v(68)
SYN-5025 WARNING: Using 0 for all undriven pins and nets
SYN-1032 : 16634/27 useful/useless nets, 12240/151 useful/useless insts
SYN-1014 : Optimize round 1
SYN-1017 : Remove 1 const input seq instances
SYN-1002 :     u_sd_audio_ctrl/reg14_syn_4
SYN-1018 : Transformed 26 mux instances.
SYN-1019 : Optimized 61 mux instances.
SYN-1021 : Optimized 144 onehot mux instances.
SYN-1020 : Optimized 1961 distributor mux.
SYN-1001 : Optimize 11 less-than instances
SYN-1019 : Optimized 59 mux instances.
SYN-1016 : Merged 3593 instances.
SYN-1015 : Optimize round 1, 11862 better
SYN-1014 : Optimize round 2
SYN-1044 : Optimized 6 inv instances.
SYN-1032 : 11559/123 useful/useless nets, 7217/2336 useful/useless insts
SYN-1017 : Remove 5 const input seq instances
SYN-1002 :     u_es8388_ctrl/u_audio_receive/reg0_syn_26
SYN-1002 :     u_es8388_ctrl/u_es8388_config/u_i2c_dri/wr_flag_reg
SYN-1002 :     u_es8388_ctrl/u_fir_filter/reg7_syn_162
SYN-1002 :     u_sd_audio_ctrl/reg0_syn_26
SYN-1002 :     u_es8388_ctrl/reg0_syn_26
SYN-1019 : Optimized 5 mux instances.
SYN-1020 : Optimized 5 distributor mux.
SYN-1019 : Optimized 2 mux instances.
SYN-1016 : Merged 7 instances.
SYN-1015 : Optimize round 2, 2480 better
SYN-1032 : 11550/0 useful/useless nets, 7208/6 useful/useless insts
SYN-3003 : Optimized 1 equivalent DFF(s)
SYN-3004 : Optimized 6 const0 DFF(s)
SYN-3004 : Optimized 6 const0 DFF(s)
SYN-1032 : 11475/75 useful/useless nets, 7133/62 useful/useless insts
SYN-1014 : Optimize round 1
SYN-1032 : 11232/66 useful/useless nets, 6890/72 useful/useless insts
SYN-1016 : Merged 1 instances.
SYN-1015 : Optimize round 1, 328 better
SYN-1014 : Optimize round 2
SYN-1032 : 11202/19 useful/useless nets, 6874/0 useful/useless insts
SYN-1015 : Optimize round 2, 12 better
SYN-1014 : Optimize round 3
SYN-1015 : Optimize round 3, 0 better
RUN-1003 : finish command "optimize_rtl" in  9.040902s wall, 7.890625s user + 1.125000s system = 9.015625s CPU (99.7%)

RUN-1004 : used memory is 207 MB, reserved memory is 175 MB, peak memory is 211 MB
RUN-1002 : start command "report_area -file ES8388_rtl.area"
RUN-1001 : standard
***Report Model: audio_speak Device: EG4S20BG256***

IO Statistics
#IO                        28
  #input                   12
  #output                  15
  #inout                    1

Gate Statistics
#Basic gates             4246
  #and                    300
  #nand                     0
  #or                     278
  #nor                      0
  #xor                      2
  #xnor                     0
  #buf                      0
  #not                    100
  #bufif1                   1
  #MX21                   330
  #FADD                     0
  #DFF                   3235
  #LATCH                    0
#MACRO_ADD                 77
#MACRO_EQ                  87
#MACRO_MULT                60
#MACRO_MUX               2391
#MACRO_OTHERS               9

Report Hierarchy Area:
+-------------------------------------------------------------------------------+
|Instance                       |Module                 |gates  |seq    |macros |
+-------------------------------------------------------------------------------+
|top                            |audio_speak            |1011   |3235   |233    |
|  u_es8388_ctrl                |es8388_ctrl            |570    |2725   |171    |
|    u_audio_receive            |audio_receive          |26     |55     |5      |
|    u_audio_send               |audio_send             |1      |33     |0      |
|    u_es8388_config            |es8388_config          |467    |70     |46     |
|      u_i2c_dri                |i2c_dri                |464    |42     |40     |
|      u_i2c_reg_cfg            |i2c_reg_cfg            |3      |28     |6      |
|    u_fir_filter               |fir_filter             |2      |2320   |85     |
|    u_sound_localization       |sound_localization     |28     |44     |13     |
|    u_voice_change_stereo      |voice_change_stereo    |40     |126    |22     |
|      vc_left                  |voice_change           |35     |94     |16     |
|        the_instance_name      |voice_change_fifo      |0      |0      |1      |
|        voice_change_ram_inst1 |voice_change_ram       |0      |0      |1      |
|        voice_change_ram_inst2 |voice_change_ram       |0      |0      |1      |
|      vc_right                 |voice_change           |5      |32     |6      |
|        the_instance_name      |voice_change_fifo      |0      |0      |1      |
|        voice_change_ram_inst1 |voice_change_ram       |0      |0      |1      |
|        voice_change_ram_inst2 |voice_change_ram       |0      |0      |1      |
|  u_pll_clk                    |clk_wiz_0              |0      |0      |1      |
|  u_sd_audio_ctrl              |sd_audio_ctrl          |198    |299    |16     |
|    play_fifo_inst             |play_fifo              |0      |0      |1      |
|    record_fifo_inst           |record_fifo            |0      |0      |1      |
|  u_sd_card_top                |sd_card_top            |238    |178    |44     |
|    sd_card_cmd_m0             |sd_card_cmd            |97     |52     |21     |
|    sd_card_sec_read_write_m0  |sd_card_sec_read_write |114    |85     |13     |
|    spi_master_m0              |spi_master             |27     |41     |10     |
+-------------------------------------------------------------------------------+

RUN-1002 : start command "export_db ES8388_rtl.db"
RUN-1001 : Exported /
RUN-1001 : Exported flow parameters
RUN-1001 : Exported libs
RUN-1001 : Exported entities
RUN-1001 : Exported ports
RUN-1001 : Exported pins
RUN-1001 : Exported instances
RUN-1001 : Exported nets
RUN-1001 : Exported buses
RUN-1001 : Exported models
RUN-1001 : Exported congestions
RUN-1001 : Exported violations
RUN-1001 : Exported IO constraints
RUN-1001 : Exported Inst constraints
RUN-1002 : start command "optimize_gate -maparea ES8388_gate.area"
RUN-1001 : Open license file D:/TD5.2.6/license/Anlogic.lic
RUN-1001 : Print Global Property
RUN-1001 : ---------------------------------------------------------------
RUN-1001 :        Parameters        |  Settings  |  Default Values  |  Note  
RUN-1001 : ---------------------------------------------------------------
RUN-1001 :          message         |  standard  |     standard     |        
RUN-1001 :   mixed_pack_place_flow  |     on     |        on        |        
RUN-1001 :        qor_monitor       |    off     |       off        |        
RUN-1001 :        syn_ip_flow       |    off     |       off        |        
RUN-1001 :          thread          |    auto    |       auto       |        
RUN-1001 : ---------------------------------------------------------------
RUN-1001 : Print Gate Property
RUN-1001 : ------------------------------------------------------------------
RUN-1001 :          Parameters         |  Settings  |  Default Values  |  Note  
RUN-1001 : ------------------------------------------------------------------
RUN-1001 :         cascade_dsp         |    off     |       off        |        
RUN-1001 :         cascade_eram        |    off     |       off        |        
RUN-1001 :        gate_sim_model       |    off     |       off        |        
RUN-1001 :        map_sim_model        |    off     |       off        |        
RUN-1001 :         map_strategy        |     1      |        1         |        
RUN-1001 :           opt_area          |   medium   |      medium      |        
RUN-1001 :          opt_timing         |    auto    |       auto       |        
RUN-1001 :         pack_effort         |   medium   |      medium      |        
RUN-1001 :      pack_lslice_ripple     |     on     |        on        |        
RUN-1001 :   pack_lslice_ripple_ratio  |    0.5     |       0.5        |        
RUN-1001 :        pack_seq_in_io       |    auto    |       auto       |        
RUN-1001 :        ph1_mux_ratio        |    1.0     |       1.0        |        
RUN-1001 :            report           |  standard  |     standard     |        
RUN-1001 :           retiming          |    off     |       off        |        
RUN-1001 : ------------------------------------------------------------------
SYN-2001 : Map 28 IOs to PADs
SYN-1032 : 11220/10 useful/useless nets, 6890/12 useful/useless insts
RUN-1002 : start command "update_pll_param -module audio_speak"
SYN-2501 : Processed 0 LOGIC_BUF instances.
SYN-2501 : 1 BUFG to GCLK
SYN-2595 : bram inst: u_es8388_ctrl/u_voice_change_stereo/vc_left/voice_change_ram_inst1/inst is set to PDPW/SP from DP for resource saving
SYN-2595 : bram inst: u_es8388_ctrl/u_voice_change_stereo/vc_left/voice_change_ram_inst2/inst is set to PDPW/SP from DP for resource saving
SYN-2595 : bram inst: u_es8388_ctrl/u_voice_change_stereo/vc_right/voice_change_ram_inst1/inst is set to PDPW/SP from DP for resource saving
SYN-2595 : bram inst: u_es8388_ctrl/u_voice_change_stereo/vc_right/voice_change_ram_inst2/inst is set to PDPW/SP from DP for resource saving
SYN-2512 : LOGIC BRAM "u_es8388_ctrl/u_voice_change_stereo/vc_left/voice_change_ram_inst1/inst_syn_1"
SYN-2512 : LOGIC BRAM "u_es8388_ctrl/u_voice_change_stereo/vc_left/voice_change_ram_inst2/inst_syn_1"
SYN-2541 : Write 1024x32, read 1024x32.
SYN-2541 : Write 1024x32, read 1024x32.
SYN-2541 : Write 1024x24, read 1024x24.
SYN-2541 : Write 1024x24, read 1024x24.
SYN-2571 : Map 60 macro multiplier
SYN-2571 : Optimize after map_dsp, round 1
SYN-1032 : 12649/1932 useful/useless nets, 7915/56 useful/useless insts
SYN-1016 : Merged 283 instances.
SYN-2571 : Optimize after map_dsp, round 1, 2271 better
SYN-2571 : Optimize after map_dsp, round 2
SYN-2571 : Optimize after map_dsp, round 2, 0 better
SYN-2571 : Map 35 macro multiplier
SYN-2571 : Map 35 macro multiplier
SYN-2561 : Map multiplier u_es8388_ctrl/u_fir_filter/mult0_syn_88 into carry-chain logic
SYN-2561 : Map multiplier u_es8388_ctrl/u_fir_filter/mult1_syn_96 into carry-chain logic
SYN-2561 : Map multiplier u_es8388_ctrl/u_fir_filter/mult10_syn_63 into carry-chain logic
SYN-2561 : Map multiplier u_es8388_ctrl/u_fir_filter/mult10_syn_88 into carry-chain logic
SYN-2561 : Map multiplier u_es8388_ctrl/u_fir_filter/mult12_syn_99 into carry-chain logic
SYN-2561 : Map multiplier u_es8388_ctrl/u_fir_filter/mult14_syn_97 into carry-chain logic
SYN-2561 : Map multiplier u_es8388_ctrl/u_fir_filter/mult16_syn_99 into carry-chain logic
SYN-2561 : Map multiplier u_es8388_ctrl/u_fir_filter/mult18_syn_96 into carry-chain logic
SYN-2561 : Map multiplier u_es8388_ctrl/u_fir_filter/mult20_syn_61 into carry-chain logic
SYN-2561 : Map multiplier u_es8388_ctrl/u_fir_filter/mult20_syn_85 into carry-chain logic
SYN-2561 : Map multiplier u_es8388_ctrl/u_fir_filter/mult22_syn_100 into carry-chain logic
SYN-2561 : Map multiplier u_es8388_ctrl/u_fir_filter/mult24_syn_105 into carry-chain logic
SYN-2561 : Map multiplier u_es8388_ctrl/u_fir_filter/mult26_syn_97 into carry-chain logic
SYN-2561 : Map multiplier u_es8388_ctrl/u_fir_filter/mult28_syn_93 into carry-chain logic
SYN-2561 : Map multiplier u_es8388_ctrl/u_fir_filter/mult3_syn_99 into carry-chain logic
SYN-2561 : Map multiplier u_es8388_ctrl/u_fir_filter/mult30_syn_105 into carry-chain logic
SYN-2561 : Map multiplier u_es8388_ctrl/u_fir_filter/mult32_syn_106 into carry-chain logic
SYN-2561 : Map multiplier u_es8388_ctrl/u_fir_filter/mult34_syn_111 into carry-chain logic
SYN-2561 : Map multiplier u_es8388_ctrl/u_fir_filter/mult36_syn_109 into carry-chain logic
SYN-2561 : Map multiplier u_es8388_ctrl/u_fir_filter/mult38_syn_109 into carry-chain logic
SYN-2561 : Map multiplier u_es8388_ctrl/u_fir_filter/mult40_syn_111 into carry-chain logic
SYN-2561 : Map multiplier u_es8388_ctrl/u_fir_filter/mult42_syn_106 into carry-chain logic
SYN-2561 : Map multiplier u_es8388_ctrl/u_fir_filter/mult44_syn_105 into carry-chain logic
SYN-2561 : Map multiplier u_es8388_ctrl/u_fir_filter/mult46_syn_93 into carry-chain logic
SYN-2561 : Map multiplier u_es8388_ctrl/u_fir_filter/mult48_syn_97 into carry-chain logic
SYN-2561 : Map multiplier u_es8388_ctrl/u_fir_filter/mult50_syn_105 into carry-chain logic
SYN-2561 : Map multiplier u_es8388_ctrl/u_fir_filter/mult52_syn_100 into carry-chain logic
SYN-2561 : Map multiplier u_es8388_ctrl/u_fir_filter/mult54_syn_61 into carry-chain logic
SYN-2561 : Map multiplier u_es8388_ctrl/u_fir_filter/mult54_syn_85 into carry-chain logic
SYN-2561 : Map multiplier u_es8388_ctrl/u_fir_filter/mult6_syn_97 into carry-chain logic
SYN-2561 : Map multiplier u_es8388_ctrl/u_fir_filter/mult8_syn_99 into carry-chain logic
SYN-2561 : Map multiplier u_es8388_ctrl/u_voice_change_stereo/vc_left/mult0_syn_31 into carry-chain logic
SYN-2561 : Map multiplier u_es8388_ctrl/u_voice_change_stereo/vc_left/mult1_syn_29 into carry-chain logic
SYN-2561 : Map multiplier u_es8388_ctrl/u_voice_change_stereo/vc_right/mult0_syn_31 into carry-chain logic
SYN-2561 : Map multiplier u_es8388_ctrl/u_voice_change_stereo/vc_right/mult1_syn_29 into carry-chain logic
SYN-1001 : Throwback 34 control mux instances
SYN-2501 : Optimize round 1
SYN-1032 : 14462/2404 useful/useless nets, 8892/35 useful/useless insts
SYN-1016 : Merged 341 instances.
SYN-2501 : Optimize round 1, 2919 better
SYN-2501 : Optimize round 2
SYN-1032 : 14081/40 useful/useless nets, 8551/0 useful/useless insts
SYN-2501 : Optimize round 2, 0 better
SYN-2501 : Map 304 macro adder
SYN-1019 : Optimized 1737 mux instances.
SYN-1016 : Merged 854 instances.
SYN-1032 : 19185/72 useful/useless nets, 13678/8 useful/useless insts
SYN-3001 : Running gate level optimization.
SYN-2581 : Mapping with K=5, #lut = 2637 (3.17), #lev = 6 (1.80)
SYN-2551 : Post LUT mapping optimization.
SYN-2581 : Mapping with K=5, #lut = 2535 (3.15), #lev = 6 (1.80)
SYN-3001 : Logic optimization runtime opt =   0.27 sec, map =   0.00 sec
SYN-3001 : Mapper mapped 5559 instances into 2773 LUTs, name keeping = 74%.
SYN-3001 : Mapper removed 227 lut buffers
RUN-1002 : start command "report_area -file ES8388_gate.area"
RUN-1001 : standard
***Report Model: audio_speak Device: EG4S20BG256***

IO Statistics
#IO                        28
  #input                   12
  #output                  15
  #inout                    1

LUT Statistics
#Total_luts              7349
  #lut4                  2321
  #lut5                   225
  #lut6                     0
  #lut5_mx41                0
  #lut4_alu1b            4803

Utilization Statistics
#lut                     7349   out of  19600   37.49%
#reg                     3224   out of  19600   16.45%
#le                         0
#dsp                       29   out of     29  100.00%
#bram                      30   out of     64   46.88%
  #bram9k                  16
  #fifo9k                  14
#bram32k                    0   out of     16    0.00%
#pad                       28   out of    188   14.89%
  #ireg                     2
  #oreg                    15
  #treg                     1
#pll                        1   out of      4   25.00%

Report Hierarchy Area:
+----------------------------------------------------------------------------------------------------+
|Instance                       |Module                 |lut     |ripple  |seq     |bram    |dsp     |
+----------------------------------------------------------------------------------------------------+
|top                            |audio_speak            |2546    |4803    |3242    |30      |29      |
|  u_es8388_ctrl                |es8388_ctrl            |1770    |4586    |2714    |24      |29      |
|    u_audio_receive            |audio_receive          |44      |22      |54      |0       |0       |
|    u_audio_send               |audio_send             |80      |0       |32      |0       |0       |
|    u_es8388_config            |es8388_config          |144     |38      |70      |0       |0       |
|      u_i2c_dri                |i2c_dri                |100     |19      |42      |0       |0       |
|      u_i2c_reg_cfg            |i2c_reg_cfg            |44      |19      |28      |0       |0       |
|    u_fir_filter               |fir_filter             |929     |3627    |2320    |0       |25      |
|    u_sound_localization       |sound_localization     |35      |250     |36      |0       |0       |
|    u_voice_change_stereo      |voice_change_stereo    |536     |649     |126     |24      |4       |
|      vc_left                  |voice_change           |288     |349     |94      |20      |2       |
|        the_instance_name      |voice_change_fifo      |2       |0       |0       |4       |0       |
|        voice_change_ram_inst1 |voice_change_ram       |1       |0       |0       |8       |0       |
|        voice_change_ram_inst2 |voice_change_ram       |1       |0       |0       |8       |0       |
|      vc_right                 |voice_change           |248     |300     |32      |4       |2       |
|        the_instance_name      |voice_change_fifo      |2       |0       |0       |4       |0       |
|  u_pll_clk                    |clk_wiz_0              |1       |0       |0       |0       |0       |
|  u_sd_audio_ctrl              |sd_audio_ctrl          |198     |111     |299     |6       |0       |
|    play_fifo_inst             |play_fifo              |0       |0       |0       |3       |0       |
|    record_fifo_inst           |record_fifo            |2       |0       |0       |3       |0       |
|  u_sd_card_top                |sd_card_top            |528     |71      |178     |0       |0       |
|    sd_card_cmd_m0             |sd_card_cmd            |286     |54      |52      |0       |0       |
|    sd_card_sec_read_write_m0  |sd_card_sec_read_write |186     |0       |85      |0       |0       |
|    spi_master_m0              |spi_master             |56      |17      |41      |0       |0       |
+----------------------------------------------------------------------------------------------------+

SYN-1001 : Packing model "audio_speak" ...
SYN-4010 : Pack lib has 58 rtl pack models with 25 top pack blocks
SYN-1014 : Optimize round 1
SYN-1015 : Optimize round 1, 0 better
SYN-4002 : Packing 3224 DFF/LATCH to SEQ ...
SYN-4009 : Pack 54 carry chain into lslice
SYN-4007 : Packing 2390 adder to BLE ...
SYN-4008 : Packed 2390 adder and 403 SEQ to BLE.
SYN-4007 : Packing 0 gate4 to BLE ...
SYN-4008 : Packed 0 gate4 and 0 SEQ to BLE.
SYN-4012 : Packed 0 FxMUX
RUN-1003 : finish command "optimize_gate -maparea ES8388_gate.area" in  5.395009s wall, 5.234375s user + 0.140625s system = 5.375000s CPU (99.6%)

RUN-1004 : used memory is 284 MB, reserved memory is 253 MB, peak memory is 284 MB
RUN-1002 : start command "legalize_phy_inst"
SYN-1011 : Flatten model audio_speak
RUN-1002 : start command "export_db ES8388_gate.db"
RUN-1001 : Exported /
RUN-1001 : Exported flow parameters
RUN-1001 : Exported libs
RUN-1001 : Exported entities
RUN-1001 : Exported ports
RUN-1001 : Exported pins
RUN-1001 : Exported instances
RUN-1001 : Exported nets
RUN-1001 : Exported buses
RUN-1001 : Exported models
RUN-1001 : Exported congestions
RUN-1001 : Exported violations
RUN-1001 : Exported IO constraints
RUN-1001 : Exported Inst constraints
RUN-1003 : finish command "export_db ES8388_gate.db" in  1.337555s wall, 2.031250s user + 0.093750s system = 2.125000s CPU (158.9%)

RUN-1004 : used memory is 288 MB, reserved memory is 262 MB, peak memory is 376 MB
RUN-1002 : start command "backup_run_log run.log ../.logs/syn_1/td_20251125_215225.log"
RUN-1001 : Backing up run's log file succeed.
